<?xml version="1.0" encoding="UTF-8"?>
<testsuites name="Navigation" time="587.587" tests="16" failures="4" skips="0" errors="0">
   <testsuite name="Navigation" tests="16" failures="4" errors="0" time="587.587" skips="0" timestamp="2021-05-11 19:26:42" hostname="moham - DESKTOP-21F1E8S" id="Test Suites/Navigation">
      <properties>
         <property name="deviceName" value=""/>
         <property name="devicePlatform" value=""/>
         <property name="logFolder" value="C:\\Users\\moham\\git\\SuCourse_Katalon\\Reports\\20210511_192636\\Navigation\\20210511_192636"/>
         <property name="logFiles" value="C:\\Users\\moham\\git\\SuCourse_Katalon\\Reports\\20210511_192636\\Navigation\\20210511_192636\\execution0.log"/>
         <property name="attachments" value="C:\\Users\\moham\\git\\SuCourse_Katalon\\Reports\\20210511_192636\\Navigation\\20210511_192636\\1620750482917.png, C:\\Users\\moham\\git\\SuCourse_Katalon\\Reports\\20210511_192636\\Navigation\\20210511_192636\\1620750578686.png, C:\\Users\\moham\\git\\SuCourse_Katalon\\Reports\\20210511_192636\\Navigation\\20210511_192636\\1620750867467.png, C:\\Users\\moham\\git\\SuCourse_Katalon\\Reports\\20210511_192636\\Navigation\\20210511_192636\\1620750986447.png"/>
         <property name="hostName" value="moham - DESKTOP-21F1E8S"/>
         <property name="os" value="Windows 10 64bit"/>
         <property name="katalonVersion" value="7.9.1.208"/>
         <property name="browser" value="Chrome 90.0.4430.93"/>
         <property name="hostAddress" value="192.168.100.73"/>
         <property name="sessionId" value="c396477e38026b78f0f3df076c3476c6"/>
         <property name="seleniumVersion" value="3.141.59"/>
         <property name="proxyInformation" value="ProxyInformation { proxyOption=NO_PROXY, proxyServerType=HTTP, username=, password=********, proxyServerAddress=, proxyServerPort=0, executionList=&quot;&quot;, isApplyToDesiredCapabilities=true }"/>
         <property name="platform" value="Windows 10"/>
      </properties>
      <testcase name="Test Cases/ProfilePage(PressingOnImage)" time="28.564" classname="Test Cases/ProfilePage(PressingOnImage)" status="PASSED">
         <system-out><![CDATA[2021-05-11 19:26:44 - [TEST_CASE][PASSED] - Test Cases/ProfilePage(PressingOnImage): Test Cases/ProfilePage(PressingOnImage)

2021-05-11 19:26:45 - [TEST_STEP][PASSED] - openBrowser(""): Browser is opened with url: ''

2021-05-11 19:26:46 - [MESSAGE][INFO] - Starting 'Chrome' driver

2021-05-11 19:26:46 - [MESSAGE][INFO] - Action delay is set to 0 milliseconds

2021-05-11 19:26:50 - [MESSAGE][PASSED] - Browser is opened with url: ''

2021-05-11 19:26:50 - [TEST_STEP][PASSED] - navigateToUrl("https://sucourse.sabanciuniv.edu/plus/"): Navigate to 'https://sucourse.sabanciuniv.edu/plus/' successfully

2021-05-11 19:26:53 - [MESSAGE][PASSED] - Navigate to 'https://sucourse.sabanciuniv.edu/plus/' successfully

2021-05-11 19:26:53 - [TEST_STEP][PASSED] - delay(1): Delayed 1 second(s)

2021-05-11 19:26:54 - [MESSAGE][PASSED] - Delayed 1 second(s)

2021-05-11 19:26:54 - [TEST_STEP][PASSED] - click(findTestObject("Object Repository/ProfilePage(PressingOnImage)/Page_SUCourse/a_Login")): Object: 'Object Repository/ProfilePage(PressingOnImage)/Page_SUCourse/a_Login' is clicked on

2021-05-11 19:26:56 - [MESSAGE][PASSED] - Object: 'Object Repository/ProfilePage(PressingOnImage)/Page_SUCourse/a_Login' is clicked on

2021-05-11 19:26:56 - [TEST_STEP][PASSED] - delay(1): Delayed 1 second(s)

2021-05-11 19:26:57 - [MESSAGE][PASSED] - Delayed 1 second(s)

2021-05-11 19:26:57 - [TEST_STEP][PASSED] - click(findTestObject("Object Repository/ProfilePage(PressingOnImage)/Page_SUCourse Authentication choice/a_SUNet users (Sabanc University members)")): Object: 'Object Repository/ProfilePage(PressingOnImage)/Page_SUCourse Authentication choice/a_SUNet users (Sabanc University members)' is clicked on

2021-05-11 19:26:59 - [MESSAGE][PASSED] - Object: 'Object Repository/ProfilePage(PressingOnImage)/Page_SUCourse Authentication choice/a_SUNet users (Sabanc University members)' is clicked on

2021-05-11 19:26:59 - [TEST_STEP][PASSED] - delay(1): Delayed 1 second(s)

2021-05-11 19:27:00 - [MESSAGE][PASSED] - Delayed 1 second(s)

2021-05-11 19:27:00 - [TEST_STEP][PASSED] - setText(findTestObject("Object Repository/ProfilePage(PressingOnImage)/Page_Login - CAS  Central Authentication Service/input_U_username"), "mohamedkassem"): Text 'mohamedkassem' is set on object 'Object Repository/ProfilePage(PressingOnImage)/Page_Login - CAS  Central Authentication Service/input_U_username'

2021-05-11 19:27:01 - [MESSAGE][PASSED] - Text 'mohamedkassem' is set on object 'Object Repository/ProfilePage(PressingOnImage)/Page_Login - CAS  Central Authentication Service/input_U_username'

2021-05-11 19:27:01 - [TEST_STEP][PASSED] - delay(1): Delayed 1 second(s)

2021-05-11 19:27:02 - [MESSAGE][PASSED] - Delayed 1 second(s)

2021-05-11 19:27:02 - [TEST_STEP][PASSED] - setEncryptedText(findTestObject("Object Repository/ProfilePage(PressingOnImage)/Page_Login - CAS  Central Authentication Service/input_P_password"), "lsh4UT/KYs157Zjg3xgr3w=="): Text ****** has been set on object 'Object Repository/ProfilePage(PressingOnImage)/Page_Login - CAS  Central Authentication Service/input_P_password'

2021-05-11 19:27:03 - [MESSAGE][PASSED] - Text ****** has been set on object 'Object Repository/ProfilePage(PressingOnImage)/Page_Login - CAS  Central Authentication Service/input_P_password'

2021-05-11 19:27:03 - [TEST_STEP][PASSED] - delay(1): Delayed 1 second(s)

2021-05-11 19:27:04 - [MESSAGE][PASSED] - Delayed 1 second(s)

2021-05-11 19:27:04 - [TEST_STEP][PASSED] - click(findTestObject("Object Repository/ProfilePage(PressingOnImage)/Page_Login - CAS  Central Authentication Service/input_Remember Me_submit")): Object: 'Object Repository/ProfilePage(PressingOnImage)/Page_Login - CAS  Central Authentication Service/input_Remember Me_submit' is clicked on

2021-05-11 19:27:07 - [MESSAGE][PASSED] - Object: 'Object Repository/ProfilePage(PressingOnImage)/Page_Login - CAS  Central Authentication Service/input_Remember Me_submit' is clicked on

2021-05-11 19:27:07 - [TEST_STEP][PASSED] - delay(1): Delayed 1 second(s)

2021-05-11 19:27:08 - [MESSAGE][PASSED] - Delayed 1 second(s)

2021-05-11 19:27:08 - [TEST_STEP][PASSED] - click(findTestObject("Object Repository/ProfilePage(PressingOnImage)/Page_Dashboard/img_Log out_welcome_userpicture")): Object: 'Object Repository/ProfilePage(PressingOnImage)/Page_Dashboard/img_Log out_welcome_userpicture' is clicked on

2021-05-11 19:27:09 - [MESSAGE][PASSED] - Object: 'Object Repository/ProfilePage(PressingOnImage)/Page_Dashboard/img_Log out_welcome_userpicture' is clicked on

2021-05-11 19:27:09 - [TEST_STEP][PASSED] - delay(3): Delayed 3 second(s)

2021-05-11 19:27:12 - [MESSAGE][PASSED] - Delayed 3 second(s)

2021-05-11 19:27:12 - [TEST_STEP][PASSED] - closeBrowser(): Browser is closed

2021-05-11 19:27:13 - [MESSAGE][PASSED] - Browser is closed]]></system-out>
         <system-err><![CDATA[]]></system-err>
      </testcase>
      <testcase name="Test Cases/ProfilePage(DropdownTab)" time="27.612" classname="Test Cases/ProfilePage(DropdownTab)" status="PASSED">
         <system-out><![CDATA[2021-05-11 19:27:13 - [TEST_CASE][PASSED] - Test Cases/ProfilePage(DropdownTab): Test Cases/ProfilePage(DropdownTab)

2021-05-11 19:27:14 - [TEST_STEP][PASSED] - openBrowser(""): Browser is opened with url: ''

2021-05-11 19:27:14 - [MESSAGE][INFO] - Starting 'Chrome' driver

2021-05-11 19:27:14 - [MESSAGE][INFO] - Action delay is set to 0 milliseconds

2021-05-11 19:27:16 - [MESSAGE][PASSED] - Browser is opened with url: ''

2021-05-11 19:27:16 - [TEST_STEP][PASSED] - navigateToUrl("https://sucourse.sabanciuniv.edu/plus/"): Navigate to 'https://sucourse.sabanciuniv.edu/plus/' successfully

2021-05-11 19:27:20 - [MESSAGE][PASSED] - Navigate to 'https://sucourse.sabanciuniv.edu/plus/' successfully

2021-05-11 19:27:20 - [TEST_STEP][PASSED] - delay(1): Delayed 1 second(s)

2021-05-11 19:27:21 - [MESSAGE][PASSED] - Delayed 1 second(s)

2021-05-11 19:27:21 - [TEST_STEP][PASSED] - click(findTestObject("Object Repository/ProfilePage(DropdownTab)/Page_SUCourse/a_Login")): Object: 'Object Repository/ProfilePage(DropdownTab)/Page_SUCourse/a_Login' is clicked on

2021-05-11 19:27:22 - [MESSAGE][PASSED] - Object: 'Object Repository/ProfilePage(DropdownTab)/Page_SUCourse/a_Login' is clicked on

2021-05-11 19:27:22 - [TEST_STEP][PASSED] - delay(1): Delayed 1 second(s)

2021-05-11 19:27:23 - [MESSAGE][PASSED] - Delayed 1 second(s)

2021-05-11 19:27:23 - [TEST_STEP][PASSED] - click(findTestObject("Object Repository/ProfilePage(DropdownTab)/Page_SUCourse Authentication choice/a_SUNet users (Sabanc University members)")): Object: 'Object Repository/ProfilePage(DropdownTab)/Page_SUCourse Authentication choice/a_SUNet users (Sabanc University members)' is clicked on

2021-05-11 19:27:25 - [MESSAGE][PASSED] - Object: 'Object Repository/ProfilePage(DropdownTab)/Page_SUCourse Authentication choice/a_SUNet users (Sabanc University members)' is clicked on

2021-05-11 19:27:25 - [TEST_STEP][PASSED] - delay(1): Delayed 1 second(s)

2021-05-11 19:27:26 - [MESSAGE][PASSED] - Delayed 1 second(s)

2021-05-11 19:27:26 - [TEST_STEP][PASSED] - setText(findTestObject("Object Repository/ProfilePage(DropdownTab)/Page_Login - CAS  Central Authentication Service/input_U_username"), "mohamedkassem"): Text 'mohamedkassem' is set on object 'Object Repository/ProfilePage(DropdownTab)/Page_Login - CAS  Central Authentication Service/input_U_username'

2021-05-11 19:27:27 - [MESSAGE][PASSED] - Text 'mohamedkassem' is set on object 'Object Repository/ProfilePage(DropdownTab)/Page_Login - CAS  Central Authentication Service/input_U_username'

2021-05-11 19:27:27 - [TEST_STEP][PASSED] - delay(1): Delayed 1 second(s)

2021-05-11 19:27:28 - [MESSAGE][PASSED] - Delayed 1 second(s)

2021-05-11 19:27:28 - [TEST_STEP][PASSED] - setEncryptedText(findTestObject("Object Repository/ProfilePage(DropdownTab)/Page_Login - CAS  Central Authentication Service/input_P_password"), "lsh4UT/KYs157Zjg3xgr3w=="): Text ****** has been set on object 'Object Repository/ProfilePage(DropdownTab)/Page_Login - CAS  Central Authentication Service/input_P_password'

2021-05-11 19:27:29 - [MESSAGE][PASSED] - Text ****** has been set on object 'Object Repository/ProfilePage(DropdownTab)/Page_Login - CAS  Central Authentication Service/input_P_password'

2021-05-11 19:27:29 - [TEST_STEP][PASSED] - delay(1): Delayed 1 second(s)

2021-05-11 19:27:30 - [MESSAGE][PASSED] - Delayed 1 second(s)

2021-05-11 19:27:30 - [TEST_STEP][PASSED] - click(findTestObject("Object Repository/ProfilePage(DropdownTab)/Page_Login - CAS  Central Authentication Service/input_Remember Me_submit")): Object: 'Object Repository/ProfilePage(DropdownTab)/Page_Login - CAS  Central Authentication Service/input_Remember Me_submit' is clicked on

2021-05-11 19:27:33 - [MESSAGE][PASSED] - Object: 'Object Repository/ProfilePage(DropdownTab)/Page_Login - CAS  Central Authentication Service/input_Remember Me_submit' is clicked on

2021-05-11 19:27:33 - [TEST_STEP][PASSED] - delay(1): Delayed 1 second(s)

2021-05-11 19:27:34 - [MESSAGE][PASSED] - Delayed 1 second(s)

2021-05-11 19:27:34 - [TEST_STEP][PASSED] - click(findTestObject("Object Repository/ProfilePage(DropdownTab)/Page_Dashboard/span_Mohamed Emad Mohamed Kassem")): Object: 'Object Repository/ProfilePage(DropdownTab)/Page_Dashboard/span_Mohamed Emad Mohamed Kassem' is clicked on

2021-05-11 19:27:34 - [MESSAGE][PASSED] - Object: 'Object Repository/ProfilePage(DropdownTab)/Page_Dashboard/span_Mohamed Emad Mohamed Kassem' is clicked on

2021-05-11 19:27:34 - [TEST_STEP][PASSED] - delay(1): Delayed 1 second(s)

2021-05-11 19:27:35 - [MESSAGE][PASSED] - Delayed 1 second(s)

2021-05-11 19:27:35 - [TEST_STEP][PASSED] - click(findTestObject("Object Repository/ProfilePage(DropdownTab)/Page_Dashboard/a_Profile")): Object: 'Object Repository/ProfilePage(DropdownTab)/Page_Dashboard/a_Profile' is clicked on

2021-05-11 19:27:37 - [MESSAGE][PASSED] - Object: 'Object Repository/ProfilePage(DropdownTab)/Page_Dashboard/a_Profile' is clicked on

2021-05-11 19:27:37 - [TEST_STEP][PASSED] - delay(3): Delayed 3 second(s)

2021-05-11 19:27:40 - [MESSAGE][PASSED] - Delayed 3 second(s)

2021-05-11 19:27:40 - [TEST_STEP][PASSED] - closeBrowser(): Browser is closed

2021-05-11 19:27:41 - [MESSAGE][PASSED] - Browser is closed]]></system-out>
         <system-err><![CDATA[]]></system-err>
      </testcase>
      <testcase name="Test Cases/MyCourses(CS439)" time="22.215" classname="Test Cases/MyCourses(CS439)" status="FAILED">
         <failure type="FAILED" message="Test Cases/MyCourses(CS439) FAILED.
Reason:
com.kms.katalon.core.exception.StepFailedException: Unable to click on object 'Object Repository/MyCourses(CS439)/Page_Dashboard/a_CS439-202002'
	at com.kms.katalon.core.webui.keyword.internal.WebUIKeywordMain.stepFailed(WebUIKeywordMain.groovy:64)
	at com.kms.katalon.core.webui.keyword.internal.WebUIKeywordMain.runKeyword(WebUIKeywordMain.groovy:26)
	at com.kms.katalon.core.webui.keyword.builtin.ClickKeyword.click(ClickKeyword.groovy:75)
	at com.kms.katalon.core.webui.keyword.builtin.ClickKeyword.execute(ClickKeyword.groovy:42)
	at com.kms.katalon.core.keyword.internal.KeywordExecutor.executeKeywordForPlatform(KeywordExecutor.groovy:73)
	at com.kms.katalon.core.webui.keyword.WebUiBuiltInKeywords.click(WebUiBuiltInKeywords.groovy:619)
	at com.kms.katalon.core.webui.keyword.WebUiBuiltInKeywords$click$1.call(Unknown Source)
	at MyCourses(CS439).run(MyCourses(CS439):48)
	at com.kms.katalon.core.main.ScriptEngine.run(ScriptEngine.java:194)
	at com.kms.katalon.core.main.ScriptEngine.runScriptAsRawText(ScriptEngine.java:119)
	at com.kms.katalon.core.main.TestCaseExecutor.runScript(TestCaseExecutor.java:398)
	at com.kms.katalon.core.main.TestCaseExecutor.doExecute(TestCaseExecutor.java:389)
	at com.kms.katalon.core.main.TestCaseExecutor.processExecutionPhase(TestCaseExecutor.java:368)
	at com.kms.katalon.core.main.TestCaseExecutor.accessMainPhase(TestCaseExecutor.java:360)
	at com.kms.katalon.core.main.TestCaseExecutor.execute(TestCaseExecutor.java:255)
	at com.kms.katalon.core.main.TestSuiteExecutor.accessTestCaseMainPhase(TestSuiteExecutor.java:203)
	at com.kms.katalon.core.main.TestSuiteExecutor.accessTestSuiteMainPhase(TestSuiteExecutor.java:152)
	at com.kms.katalon.core.main.TestSuiteExecutor.execute(TestSuiteExecutor.java:95)
	at com.kms.katalon.core.main.TestCaseMain.startTestSuite(TestCaseMain.java:157)
	at com.kms.katalon.core.main.TestCaseMain$startTestSuite$0.call(Unknown Source)
	at TempTestSuite1620750396797.run(TempTestSuite1620750396797.groovy:39)
Caused by: org.openqa.selenium.ElementNotInteractableException: element not interactable
  (Session info: chrome=90.0.4430.93)
Build info: version: '3.141.59', revision: 'e82be7d358', time: '2018-11-14T08:25:53'
System info: host: 'DESKTOP-21F1E8S', ip: '192.168.100.73', os.name: 'Windows 10', os.arch: 'amd64', os.version: '10.0', java.version: '1.8.0_181'
Driver info: com.kms.katalon.selenium.driver.CChromeDriver
Capabilities {acceptInsecureCerts: false, browserName: chrome, browserVersion: 90.0.4430.93, chrome: {chromedriverVersion: 90.0.4430.24 (4c6d850f087da..., userDataDir: C:\Users\moham\AppData\Loca...}, goog:chromeOptions: {debuggerAddress: localhost:33072}, javascriptEnabled: true, networkConnectionEnabled: false, pageLoadStrategy: normal, platform: WINDOWS, platformName: WINDOWS, proxy: Proxy(), setWindowRect: true, strictFileInteractability: false, timeouts: {implicit: 0, pageLoad: 300000, script: 30000}, unhandledPromptBehavior: dismiss and notify, webauthn:extension:largeBlob: true, webauthn:virtualAuthenticators: true}
Session ID: ee9a2bbb0b7ff22db33ecf108d40c6f8
	at org.openqa.selenium.remote.http.W3CHttpResponseCodec.createException(W3CHttpResponseCodec.java:187)
	at org.openqa.selenium.remote.http.W3CHttpResponseCodec.decode(W3CHttpResponseCodec.java:122)
	at org.openqa.selenium.remote.http.W3CHttpResponseCodec.decode(W3CHttpResponseCodec.java:49)
	at org.openqa.selenium.remote.HttpCommandExecutor.execute(HttpCommandExecutor.java:158)
	at org.openqa.selenium.remote.service.DriverCommandExecutor.execute(DriverCommandExecutor.java:83)
	at org.openqa.selenium.remote.RemoteWebDriver.execute(RemoteWebDriver.java:552)
	at com.kms.katalon.selenium.driver.CChromeDriver.execute(CChromeDriver.java:19)
	at org.openqa.selenium.remote.RemoteWebElement.execute(RemoteWebElement.java:285)
	at org.openqa.selenium.remote.RemoteWebElement.click(RemoteWebElement.java:84)
	at org.openqa.selenium.support.events.EventFiringWebDriver$EventFiringWebElement.lambda$new$0(EventFiringWebDriver.java:404)
	at com.sun.proxy.$Proxy11.click(Unknown Source)
	at org.openqa.selenium.support.events.EventFiringWebDriver$EventFiringWebElement.click(EventFiringWebDriver.java:417)
	at com.kms.katalon.core.webui.keyword.builtin.ClickKeyword$_click_closure1.doCall(ClickKeyword.groovy:68)
	at com.kms.katalon.core.webui.keyword.builtin.ClickKeyword$_click_closure1.call(ClickKeyword.groovy)
	at com.kms.katalon.core.webui.keyword.internal.WebUIKeywordMain.runKeyword(WebUIKeywordMain.groovy:20)
	... 19 more
"/>
         <system-out><![CDATA[2021-05-11 19:27:41 - [TEST_CASE][FAILED] - Test Cases/MyCourses(CS439): Test Cases/MyCourses(CS439) FAILED.
Reason:
com.kms.katalon.core.exception.StepFailedException: Unable to click on object 'Object Repository/MyCourses(CS439)/Page_Dashboard/a_CS439-202002'
	at com.kms.katalon.core.webui.keyword.internal.WebUIKeywordMain.stepFailed(WebUIKeywordMain.groovy:64)
	at com.kms.katalon.core.webui.keyword.internal.WebUIKeywordMain.runKeyword(WebUIKeywordMain.groovy:26)
	at com.kms.katalon.core.webui.keyword.builtin.ClickKeyword.click(ClickKeyword.groovy:75)
	at com.kms.katalon.core.webui.keyword.builtin.ClickKeyword.execute(ClickKeyword.groovy:42)
	at com.kms.katalon.core.keyword.internal.KeywordExecutor.executeKeywordForPlatform(KeywordExecutor.groovy:73)
	at com.kms.katalon.core.webui.keyword.WebUiBuiltInKeywords.click(WebUiBuiltInKeywords.groovy:619)
	at com.kms.katalon.core.webui.keyword.WebUiBuiltInKeywords$click$1.call(Unknown Source)
	at MyCourses(CS439).run(MyCourses(CS439):48)
	at com.kms.katalon.core.main.ScriptEngine.run(ScriptEngine.java:194)
	at com.kms.katalon.core.main.ScriptEngine.runScriptAsRawText(ScriptEngine.java:119)
	at com.kms.katalon.core.main.TestCaseExecutor.runScript(TestCaseExecutor.java:398)
	at com.kms.katalon.core.main.TestCaseExecutor.doExecute(TestCaseExecutor.java:389)
	at com.kms.katalon.core.main.TestCaseExecutor.processExecutionPhase(TestCaseExecutor.java:368)
	at com.kms.katalon.core.main.TestCaseExecutor.accessMainPhase(TestCaseExecutor.java:360)
	at com.kms.katalon.core.main.TestCaseExecutor.execute(TestCaseExecutor.java:255)
	at com.kms.katalon.core.main.TestSuiteExecutor.accessTestCaseMainPhase(TestSuiteExecutor.java:203)
	at com.kms.katalon.core.main.TestSuiteExecutor.accessTestSuiteMainPhase(TestSuiteExecutor.java:152)
	at com.kms.katalon.core.main.TestSuiteExecutor.execute(TestSuiteExecutor.java:95)
	at com.kms.katalon.core.main.TestCaseMain.startTestSuite(TestCaseMain.java:157)
	at com.kms.katalon.core.main.TestCaseMain$startTestSuite$0.call(Unknown Source)
	at TempTestSuite1620750396797.run(TempTestSuite1620750396797.groovy:39)
Caused by: org.openqa.selenium.ElementNotInteractableException: element not interactable
  (Session info: chrome=90.0.4430.93)
Build info: version: '3.141.59', revision: 'e82be7d358', time: '2018-11-14T08:25:53'
System info: host: 'DESKTOP-21F1E8S', ip: '192.168.100.73', os.name: 'Windows 10', os.arch: 'amd64', os.version: '10.0', java.version: '1.8.0_181'
Driver info: com.kms.katalon.selenium.driver.CChromeDriver
Capabilities {acceptInsecureCerts: false, browserName: chrome, browserVersion: 90.0.4430.93, chrome: {chromedriverVersion: 90.0.4430.24 (4c6d850f087da..., userDataDir: C:\Users\moham\AppData\Loca...}, goog:chromeOptions: {debuggerAddress: localhost:33072}, javascriptEnabled: true, networkConnectionEnabled: false, pageLoadStrategy: normal, platform: WINDOWS, platformName: WINDOWS, proxy: Proxy(), setWindowRect: true, strictFileInteractability: false, timeouts: {implicit: 0, pageLoad: 300000, script: 30000}, unhandledPromptBehavior: dismiss and notify, webauthn:extension:largeBlob: true, webauthn:virtualAuthenticators: true}
Session ID: ee9a2bbb0b7ff22db33ecf108d40c6f8
	at org.openqa.selenium.remote.http.W3CHttpResponseCodec.createException(W3CHttpResponseCodec.java:187)
	at org.openqa.selenium.remote.http.W3CHttpResponseCodec.decode(W3CHttpResponseCodec.java:122)
	at org.openqa.selenium.remote.http.W3CHttpResponseCodec.decode(W3CHttpResponseCodec.java:49)
	at org.openqa.selenium.remote.HttpCommandExecutor.execute(HttpCommandExecutor.java:158)
	at org.openqa.selenium.remote.service.DriverCommandExecutor.execute(DriverCommandExecutor.java:83)
	at org.openqa.selenium.remote.RemoteWebDriver.execute(RemoteWebDriver.java:552)
	at com.kms.katalon.selenium.driver.CChromeDriver.execute(CChromeDriver.java:19)
	at org.openqa.selenium.remote.RemoteWebElement.execute(RemoteWebElement.java:285)
	at org.openqa.selenium.remote.RemoteWebElement.click(RemoteWebElement.java:84)
	at org.openqa.selenium.support.events.EventFiringWebDriver$EventFiringWebElement.lambda$new$0(EventFiringWebDriver.java:404)
	at com.sun.proxy.$Proxy11.click(Unknown Source)
	at org.openqa.selenium.support.events.EventFiringWebDriver$EventFiringWebElement.click(EventFiringWebDriver.java:417)
	at com.kms.katalon.core.webui.keyword.builtin.ClickKeyword$_click_closure1.doCall(ClickKeyword.groovy:68)
	at com.kms.katalon.core.webui.keyword.builtin.ClickKeyword$_click_closure1.call(ClickKeyword.groovy)
	at com.kms.katalon.core.webui.keyword.internal.WebUIKeywordMain.runKeyword(WebUIKeywordMain.groovy:20)
	... 19 more


2021-05-11 19:27:41 - [TEST_STEP][PASSED] - openBrowser(""): Browser is opened with url: ''

2021-05-11 19:27:41 - [MESSAGE][INFO] - Starting 'Chrome' driver

2021-05-11 19:27:41 - [MESSAGE][INFO] - Action delay is set to 0 milliseconds

2021-05-11 19:27:43 - [MESSAGE][PASSED] - Browser is opened with url: ''

2021-05-11 19:27:43 - [TEST_STEP][PASSED] - navigateToUrl("https://sucourse.sabanciuniv.edu/plus/"): Navigate to 'https://sucourse.sabanciuniv.edu/plus/' successfully

2021-05-11 19:27:48 - [MESSAGE][PASSED] - Navigate to 'https://sucourse.sabanciuniv.edu/plus/' successfully

2021-05-11 19:27:48 - [TEST_STEP][PASSED] - delay(1): Delayed 1 second(s)

2021-05-11 19:27:49 - [MESSAGE][PASSED] - Delayed 1 second(s)

2021-05-11 19:27:49 - [TEST_STEP][PASSED] - click(findTestObject("Object Repository/MyCourses(CS439)/Page_SUCourse/a_Login")): Object: 'Object Repository/MyCourses(CS439)/Page_SUCourse/a_Login' is clicked on

2021-05-11 19:27:50 - [MESSAGE][PASSED] - Object: 'Object Repository/MyCourses(CS439)/Page_SUCourse/a_Login' is clicked on

2021-05-11 19:27:50 - [TEST_STEP][PASSED] - delay(1): Delayed 1 second(s)

2021-05-11 19:27:51 - [MESSAGE][PASSED] - Delayed 1 second(s)

2021-05-11 19:27:51 - [TEST_STEP][PASSED] - click(findTestObject("Object Repository/MyCourses(CS439)/Page_SUCourse Authentication choice/a_SUNet users (Sabanc University members)")): Object: 'Object Repository/MyCourses(CS439)/Page_SUCourse Authentication choice/a_SUNet users (Sabanc University members)' is clicked on

2021-05-11 19:27:53 - [MESSAGE][PASSED] - Object: 'Object Repository/MyCourses(CS439)/Page_SUCourse Authentication choice/a_SUNet users (Sabanc University members)' is clicked on

2021-05-11 19:27:53 - [TEST_STEP][PASSED] - delay(1): Delayed 1 second(s)

2021-05-11 19:27:54 - [MESSAGE][PASSED] - Delayed 1 second(s)

2021-05-11 19:27:54 - [TEST_STEP][PASSED] - setText(findTestObject("Object Repository/MyCourses(CS439)/Page_Login - CAS  Central Authentication Service/input_U_username"), "mohamedkassem"): Text 'mohamedkassem' is set on object 'Object Repository/MyCourses(CS439)/Page_Login - CAS  Central Authentication Service/input_U_username'

2021-05-11 19:27:55 - [MESSAGE][PASSED] - Text 'mohamedkassem' is set on object 'Object Repository/MyCourses(CS439)/Page_Login - CAS  Central Authentication Service/input_U_username'

2021-05-11 19:27:55 - [TEST_STEP][PASSED] - delay(1): Delayed 1 second(s)

2021-05-11 19:27:56 - [MESSAGE][PASSED] - Delayed 1 second(s)

2021-05-11 19:27:56 - [TEST_STEP][PASSED] - setEncryptedText(findTestObject("Object Repository/MyCourses(CS439)/Page_Login - CAS  Central Authentication Service/input_P_password"), "lsh4UT/KYs157Zjg3xgr3w=="): Text ****** has been set on object 'Object Repository/MyCourses(CS439)/Page_Login - CAS  Central Authentication Service/input_P_password'

2021-05-11 19:27:57 - [MESSAGE][PASSED] - Text ****** has been set on object 'Object Repository/MyCourses(CS439)/Page_Login - CAS  Central Authentication Service/input_P_password'

2021-05-11 19:27:57 - [TEST_STEP][PASSED] - delay(1): Delayed 1 second(s)

2021-05-11 19:27:58 - [MESSAGE][PASSED] - Delayed 1 second(s)

2021-05-11 19:27:58 - [TEST_STEP][PASSED] - click(findTestObject("Object Repository/MyCourses(CS439)/Page_Login - CAS  Central Authentication Service/input_Remember Me_submit")): Object: 'Object Repository/MyCourses(CS439)/Page_Login - CAS  Central Authentication Service/input_Remember Me_submit' is clicked on

2021-05-11 19:28:01 - [MESSAGE][PASSED] - Object: 'Object Repository/MyCourses(CS439)/Page_Login - CAS  Central Authentication Service/input_Remember Me_submit' is clicked on

2021-05-11 19:28:01 - [TEST_STEP][PASSED] - delay(1): Delayed 1 second(s)

2021-05-11 19:28:02 - [MESSAGE][PASSED] - Delayed 1 second(s)

2021-05-11 19:28:02 - [TEST_STEP][FAILED] - click(findTestObject("Object Repository/MyCourses(CS439)/Page_Dashboard/a_CS439-202002")): Unable to click on object 'Object Repository/MyCourses(CS439)/Page_Dashboard/a_CS439-202002' (Root cause: com.kms.katalon.core.exception.StepFailedException: Unable to click on object 'Object Repository/MyCourses(CS439)/Page_Dashboard/a_CS439-202002'
	at com.kms.katalon.core.webui.keyword.internal.WebUIKeywordMain.stepFailed(WebUIKeywordMain.groovy:64)
	at com.kms.katalon.core.webui.keyword.internal.WebUIKeywordMain.runKeyword(WebUIKeywordMain.groovy:26)
	at com.kms.katalon.core.webui.keyword.builtin.ClickKeyword.click(ClickKeyword.groovy:75)
	at com.kms.katalon.core.webui.keyword.builtin.ClickKeyword.execute(ClickKeyword.groovy:42)
	at com.kms.katalon.core.keyword.internal.KeywordExecutor.executeKeywordForPlatform(KeywordExecutor.groovy:73)
	at com.kms.katalon.core.webui.keyword.WebUiBuiltInKeywords.click(WebUiBuiltInKeywords.groovy:619)
	at com.kms.katalon.core.webui.keyword.WebUiBuiltInKeywords$click$1.call(Unknown Source)
	at MyCourses(CS439).run(MyCourses(CS439):48)
	at com.kms.katalon.core.main.ScriptEngine.run(ScriptEngine.java:194)
	at com.kms.katalon.core.main.ScriptEngine.runScriptAsRawText(ScriptEngine.java:119)
	at com.kms.katalon.core.main.TestCaseExecutor.runScript(TestCaseExecutor.java:398)
	at com.kms.katalon.core.main.TestCaseExecutor.doExecute(TestCaseExecutor.java:389)
	at com.kms.katalon.core.main.TestCaseExecutor.processExecutionPhase(TestCaseExecutor.java:368)
	at com.kms.katalon.core.main.TestCaseExecutor.accessMainPhase(TestCaseExecutor.java:360)
	at com.kms.katalon.core.main.TestCaseExecutor.execute(TestCaseExecutor.java:255)
	at com.kms.katalon.core.main.TestSuiteExecutor.accessTestCaseMainPhase(TestSuiteExecutor.java:203)
	at com.kms.katalon.core.main.TestSuiteExecutor.accessTestSuiteMainPhase(TestSuiteExecutor.java:152)
	at com.kms.katalon.core.main.TestSuiteExecutor.execute(TestSuiteExecutor.java:95)
	at com.kms.katalon.core.main.TestCaseMain.startTestSuite(TestCaseMain.java:157)
	at com.kms.katalon.core.main.TestCaseMain$startTestSuite$0.call(Unknown Source)
	at TempTestSuite1620750396797.run(TempTestSuite1620750396797.groovy:39)
Caused by: org.openqa.selenium.ElementNotInteractableException: element not interactable
  (Session info: chrome=90.0.4430.93)
Build info: version: '3.141.59', revision: 'e82be7d358', time: '2018-11-14T08:25:53'
System info: host: 'DESKTOP-21F1E8S', ip: '192.168.100.73', os.name: 'Windows 10', os.arch: 'amd64', os.version: '10.0', java.version: '1.8.0_181'
Driver info: com.kms.katalon.selenium.driver.CChromeDriver
Capabilities {acceptInsecureCerts: false, browserName: chrome, browserVersion: 90.0.4430.93, chrome: {chromedriverVersion: 90.0.4430.24 (4c6d850f087da..., userDataDir: C:\Users\moham\AppData\Loca...}, goog:chromeOptions: {debuggerAddress: localhost:33072}, javascriptEnabled: true, networkConnectionEnabled: false, pageLoadStrategy: normal, platform: WINDOWS, platformName: WINDOWS, proxy: Proxy(), setWindowRect: true, strictFileInteractability: false, timeouts: {implicit: 0, pageLoad: 300000, script: 30000}, unhandledPromptBehavior: dismiss and notify, webauthn:extension:largeBlob: true, webauthn:virtualAuthenticators: true}
Session ID: ee9a2bbb0b7ff22db33ecf108d40c6f8
	at org.openqa.selenium.remote.http.W3CHttpResponseCodec.createException(W3CHttpResponseCodec.java:187)
	at org.openqa.selenium.remote.http.W3CHttpResponseCodec.decode(W3CHttpResponseCodec.java:122)
	at org.openqa.selenium.remote.http.W3CHttpResponseCodec.decode(W3CHttpResponseCodec.java:49)
	at org.openqa.selenium.remote.HttpCommandExecutor.execute(HttpCommandExecutor.java:158)
	at org.openqa.selenium.remote.service.DriverCommandExecutor.execute(DriverCommandExecutor.java:83)
	at org.openqa.selenium.remote.RemoteWebDriver.execute(RemoteWebDriver.java:552)
	at com.kms.katalon.selenium.driver.CChromeDriver.execute(CChromeDriver.java:19)
	at org.openqa.selenium.remote.RemoteWebElement.execute(RemoteWebElement.java:285)
	at org.openqa.selenium.remote.RemoteWebElement.click(RemoteWebElement.java:84)
	at org.openqa.selenium.support.events.EventFiringWebDriver$EventFiringWebElement.lambda$new$0(EventFiringWebDriver.java:404)
	at com.sun.proxy.$Proxy11.click(Unknown Source)
	at org.openqa.selenium.support.events.EventFiringWebDriver$EventFiringWebElement.click(EventFiringWebDriver.java:417)
	at com.kms.katalon.core.webui.keyword.builtin.ClickKeyword$_click_closure1.doCall(ClickKeyword.groovy:68)
	at com.kms.katalon.core.webui.keyword.builtin.ClickKeyword$_click_closure1.call(ClickKeyword.groovy)
	at com.kms.katalon.core.webui.keyword.internal.WebUIKeywordMain.runKeyword(WebUIKeywordMain.groovy:20)
	at com.kms.katalon.core.webui.keyword.builtin.ClickKeyword.click(ClickKeyword.groovy:75)
	at com.kms.katalon.core.webui.keyword.builtin.ClickKeyword.execute(ClickKeyword.groovy:42)
	at com.kms.katalon.core.keyword.internal.KeywordExecutor.executeKeywordForPlatform(KeywordExecutor.groovy:73)
	at com.kms.katalon.core.webui.keyword.WebUiBuiltInKeywords.click(WebUiBuiltInKeywords.groovy:619)
	at com.kms.katalon.core.webui.keyword.WebUiBuiltInKeywords$click$1.call(Unknown Source)
	at Script1620676465332.run(Script1620676465332.groovy:48)
	... 13 more
)

2021-05-11 19:28:03 - [MESSAGE][FAILED] - Unable to click on object 'Object Repository/MyCourses(CS439)/Page_Dashboard/a_CS439-202002' (Root cause: com.kms.katalon.core.exception.StepFailedException: Unable to click on object 'Object Repository/MyCourses(CS439)/Page_Dashboard/a_CS439-202002'
	at com.kms.katalon.core.webui.keyword.internal.WebUIKeywordMain.stepFailed(WebUIKeywordMain.groovy:64)
	at com.kms.katalon.core.webui.keyword.internal.WebUIKeywordMain.runKeyword(WebUIKeywordMain.groovy:26)
	at com.kms.katalon.core.webui.keyword.builtin.ClickKeyword.click(ClickKeyword.groovy:75)
	at com.kms.katalon.core.webui.keyword.builtin.ClickKeyword.execute(ClickKeyword.groovy:42)
	at com.kms.katalon.core.keyword.internal.KeywordExecutor.executeKeywordForPlatform(KeywordExecutor.groovy:73)
	at com.kms.katalon.core.webui.keyword.WebUiBuiltInKeywords.click(WebUiBuiltInKeywords.groovy:619)
	at com.kms.katalon.core.webui.keyword.WebUiBuiltInKeywords$click$1.call(Unknown Source)
	at MyCourses(CS439).run(MyCourses(CS439):48)
	at com.kms.katalon.core.main.ScriptEngine.run(ScriptEngine.java:194)
	at com.kms.katalon.core.main.ScriptEngine.runScriptAsRawText(ScriptEngine.java:119)
	at com.kms.katalon.core.main.TestCaseExecutor.runScript(TestCaseExecutor.java:398)
	at com.kms.katalon.core.main.TestCaseExecutor.doExecute(TestCaseExecutor.java:389)
	at com.kms.katalon.core.main.TestCaseExecutor.processExecutionPhase(TestCaseExecutor.java:368)
	at com.kms.katalon.core.main.TestCaseExecutor.accessMainPhase(TestCaseExecutor.java:360)
	at com.kms.katalon.core.main.TestCaseExecutor.execute(TestCaseExecutor.java:255)
	at com.kms.katalon.core.main.TestSuiteExecutor.accessTestCaseMainPhase(TestSuiteExecutor.java:203)
	at com.kms.katalon.core.main.TestSuiteExecutor.accessTestSuiteMainPhase(TestSuiteExecutor.java:152)
	at com.kms.katalon.core.main.TestSuiteExecutor.execute(TestSuiteExecutor.java:95)
	at com.kms.katalon.core.main.TestCaseMain.startTestSuite(TestCaseMain.java:157)
	at com.kms.katalon.core.main.TestCaseMain$startTestSuite$0.call(Unknown Source)
	at TempTestSuite1620750396797.run(TempTestSuite1620750396797.groovy:39)
Caused by: org.openqa.selenium.ElementNotInteractableException: element not interactable
  (Session info: chrome=90.0.4430.93)
Build info: version: '3.141.59', revision: 'e82be7d358', time: '2018-11-14T08:25:53'
System info: host: 'DESKTOP-21F1E8S', ip: '192.168.100.73', os.name: 'Windows 10', os.arch: 'amd64', os.version: '10.0', java.version: '1.8.0_181'
Driver info: com.kms.katalon.selenium.driver.CChromeDriver
Capabilities {acceptInsecureCerts: false, browserName: chrome, browserVersion: 90.0.4430.93, chrome: {chromedriverVersion: 90.0.4430.24 (4c6d850f087da..., userDataDir: C:\Users\moham\AppData\Loca...}, goog:chromeOptions: {debuggerAddress: localhost:33072}, javascriptEnabled: true, networkConnectionEnabled: false, pageLoadStrategy: normal, platform: WINDOWS, platformName: WINDOWS, proxy: Proxy(), setWindowRect: true, strictFileInteractability: false, timeouts: {implicit: 0, pageLoad: 300000, script: 30000}, unhandledPromptBehavior: dismiss and notify, webauthn:extension:largeBlob: true, webauthn:virtualAuthenticators: true}
Session ID: ee9a2bbb0b7ff22db33ecf108d40c6f8
	at org.openqa.selenium.remote.http.W3CHttpResponseCodec.createException(W3CHttpResponseCodec.java:187)
	at org.openqa.selenium.remote.http.W3CHttpResponseCodec.decode(W3CHttpResponseCodec.java:122)
	at org.openqa.selenium.remote.http.W3CHttpResponseCodec.decode(W3CHttpResponseCodec.java:49)
	at org.openqa.selenium.remote.HttpCommandExecutor.execute(HttpCommandExecutor.java:158)
	at org.openqa.selenium.remote.service.DriverCommandExecutor.execute(DriverCommandExecutor.java:83)
	at org.openqa.selenium.remote.RemoteWebDriver.execute(RemoteWebDriver.java:552)
	at com.kms.katalon.selenium.driver.CChromeDriver.execute(CChromeDriver.java:19)
	at org.openqa.selenium.remote.RemoteWebElement.execute(RemoteWebElement.java:285)
	at org.openqa.selenium.remote.RemoteWebElement.click(RemoteWebElement.java:84)
	at org.openqa.selenium.support.events.EventFiringWebDriver$EventFiringWebElement.lambda$new$0(EventFiringWebDriver.java:404)
	at com.sun.proxy.$Proxy11.click(Unknown Source)
	at org.openqa.selenium.support.events.EventFiringWebDriver$EventFiringWebElement.click(EventFiringWebDriver.java:417)
	at com.kms.katalon.core.webui.keyword.builtin.ClickKeyword$_click_closure1.doCall(ClickKeyword.groovy:68)
	at com.kms.katalon.core.webui.keyword.builtin.ClickKeyword$_click_closure1.call(ClickKeyword.groovy)
	at com.kms.katalon.core.webui.keyword.internal.WebUIKeywordMain.runKeyword(WebUIKeywordMain.groovy:20)
	at com.kms.katalon.core.webui.keyword.builtin.ClickKeyword.click(ClickKeyword.groovy:75)
	at com.kms.katalon.core.webui.keyword.builtin.ClickKeyword.execute(ClickKeyword.groovy:42)
	at com.kms.katalon.core.keyword.internal.KeywordExecutor.executeKeywordForPlatform(KeywordExecutor.groovy:73)
	at com.kms.katalon.core.webui.keyword.WebUiBuiltInKeywords.click(WebUiBuiltInKeywords.groovy:619)
	at com.kms.katalon.core.webui.keyword.WebUiBuiltInKeywords$click$1.call(Unknown Source)
	at Script1620676465332.run(Script1620676465332.groovy:48)
	... 13 more
)
[[ATTACHMENT|C:\\Users\\moham\\git\\SuCourse_Katalon\\Reports\\20210511_192636\\Navigation\\20210511_192636\\1620750482917.png]]]]></system-out>
         <system-err><![CDATA[2021-05-11 19:27:41 - [TEST_CASE][FAILED] - Test Cases/MyCourses(CS439): Test Cases/MyCourses(CS439) FAILED.
Reason:
com.kms.katalon.core.exception.StepFailedException: Unable to click on object 'Object Repository/MyCourses(CS439)/Page_Dashboard/a_CS439-202002'
	at com.kms.katalon.core.webui.keyword.internal.WebUIKeywordMain.stepFailed(WebUIKeywordMain.groovy:64)
	at com.kms.katalon.core.webui.keyword.internal.WebUIKeywordMain.runKeyword(WebUIKeywordMain.groovy:26)
	at com.kms.katalon.core.webui.keyword.builtin.ClickKeyword.click(ClickKeyword.groovy:75)
	at com.kms.katalon.core.webui.keyword.builtin.ClickKeyword.execute(ClickKeyword.groovy:42)
	at com.kms.katalon.core.keyword.internal.KeywordExecutor.executeKeywordForPlatform(KeywordExecutor.groovy:73)
	at com.kms.katalon.core.webui.keyword.WebUiBuiltInKeywords.click(WebUiBuiltInKeywords.groovy:619)
	at com.kms.katalon.core.webui.keyword.WebUiBuiltInKeywords$click$1.call(Unknown Source)
	at MyCourses(CS439).run(MyCourses(CS439):48)
	at com.kms.katalon.core.main.ScriptEngine.run(ScriptEngine.java:194)
	at com.kms.katalon.core.main.ScriptEngine.runScriptAsRawText(ScriptEngine.java:119)
	at com.kms.katalon.core.main.TestCaseExecutor.runScript(TestCaseExecutor.java:398)
	at com.kms.katalon.core.main.TestCaseExecutor.doExecute(TestCaseExecutor.java:389)
	at com.kms.katalon.core.main.TestCaseExecutor.processExecutionPhase(TestCaseExecutor.java:368)
	at com.kms.katalon.core.main.TestCaseExecutor.accessMainPhase(TestCaseExecutor.java:360)
	at com.kms.katalon.core.main.TestCaseExecutor.execute(TestCaseExecutor.java:255)
	at com.kms.katalon.core.main.TestSuiteExecutor.accessTestCaseMainPhase(TestSuiteExecutor.java:203)
	at com.kms.katalon.core.main.TestSuiteExecutor.accessTestSuiteMainPhase(TestSuiteExecutor.java:152)
	at com.kms.katalon.core.main.TestSuiteExecutor.execute(TestSuiteExecutor.java:95)
	at com.kms.katalon.core.main.TestCaseMain.startTestSuite(TestCaseMain.java:157)
	at com.kms.katalon.core.main.TestCaseMain$startTestSuite$0.call(Unknown Source)
	at TempTestSuite1620750396797.run(TempTestSuite1620750396797.groovy:39)
Caused by: org.openqa.selenium.ElementNotInteractableException: element not interactable
  (Session info: chrome=90.0.4430.93)
Build info: version: '3.141.59', revision: 'e82be7d358', time: '2018-11-14T08:25:53'
System info: host: 'DESKTOP-21F1E8S', ip: '192.168.100.73', os.name: 'Windows 10', os.arch: 'amd64', os.version: '10.0', java.version: '1.8.0_181'
Driver info: com.kms.katalon.selenium.driver.CChromeDriver
Capabilities {acceptInsecureCerts: false, browserName: chrome, browserVersion: 90.0.4430.93, chrome: {chromedriverVersion: 90.0.4430.24 (4c6d850f087da..., userDataDir: C:\Users\moham\AppData\Loca...}, goog:chromeOptions: {debuggerAddress: localhost:33072}, javascriptEnabled: true, networkConnectionEnabled: false, pageLoadStrategy: normal, platform: WINDOWS, platformName: WINDOWS, proxy: Proxy(), setWindowRect: true, strictFileInteractability: false, timeouts: {implicit: 0, pageLoad: 300000, script: 30000}, unhandledPromptBehavior: dismiss and notify, webauthn:extension:largeBlob: true, webauthn:virtualAuthenticators: true}
Session ID: ee9a2bbb0b7ff22db33ecf108d40c6f8
	at org.openqa.selenium.remote.http.W3CHttpResponseCodec.createException(W3CHttpResponseCodec.java:187)
	at org.openqa.selenium.remote.http.W3CHttpResponseCodec.decode(W3CHttpResponseCodec.java:122)
	at org.openqa.selenium.remote.http.W3CHttpResponseCodec.decode(W3CHttpResponseCodec.java:49)
	at org.openqa.selenium.remote.HttpCommandExecutor.execute(HttpCommandExecutor.java:158)
	at org.openqa.selenium.remote.service.DriverCommandExecutor.execute(DriverCommandExecutor.java:83)
	at org.openqa.selenium.remote.RemoteWebDriver.execute(RemoteWebDriver.java:552)
	at com.kms.katalon.selenium.driver.CChromeDriver.execute(CChromeDriver.java:19)
	at org.openqa.selenium.remote.RemoteWebElement.execute(RemoteWebElement.java:285)
	at org.openqa.selenium.remote.RemoteWebElement.click(RemoteWebElement.java:84)
	at org.openqa.selenium.support.events.EventFiringWebDriver$EventFiringWebElement.lambda$new$0(EventFiringWebDriver.java:404)
	at com.sun.proxy.$Proxy11.click(Unknown Source)
	at org.openqa.selenium.support.events.EventFiringWebDriver$EventFiringWebElement.click(EventFiringWebDriver.java:417)
	at com.kms.katalon.core.webui.keyword.builtin.ClickKeyword$_click_closure1.doCall(ClickKeyword.groovy:68)
	at com.kms.katalon.core.webui.keyword.builtin.ClickKeyword$_click_closure1.call(ClickKeyword.groovy)
	at com.kms.katalon.core.webui.keyword.internal.WebUIKeywordMain.runKeyword(WebUIKeywordMain.groovy:20)
	... 19 more]]></system-err>
      </testcase>
      <testcase name="Test Cases/CS439Forum" time="30.057" classname="Test Cases/CS439Forum" status="PASSED">
         <system-out><![CDATA[2021-05-11 19:28:03 - [TEST_CASE][PASSED] - Test Cases/CS439Forum: Test Cases/CS439Forum

2021-05-11 19:28:04 - [TEST_STEP][PASSED] - openBrowser(""): Browser is opened with url: ''

2021-05-11 19:28:04 - [MESSAGE][WARNING] - A browser is already opened. Closing browser and opening a new one

2021-05-11 19:28:05 - [MESSAGE][INFO] - Starting 'Chrome' driver

2021-05-11 19:28:05 - [MESSAGE][INFO] - Action delay is set to 0 milliseconds

2021-05-11 19:28:07 - [MESSAGE][PASSED] - Browser is opened with url: ''

2021-05-11 19:28:07 - [TEST_STEP][PASSED] - navigateToUrl("https://sucourse.sabanciuniv.edu/plus/"): Navigate to 'https://sucourse.sabanciuniv.edu/plus/' successfully

2021-05-11 19:28:10 - [MESSAGE][PASSED] - Navigate to 'https://sucourse.sabanciuniv.edu/plus/' successfully

2021-05-11 19:28:10 - [TEST_STEP][PASSED] - delay(1): Delayed 1 second(s)

2021-05-11 19:28:11 - [MESSAGE][PASSED] - Delayed 1 second(s)

2021-05-11 19:28:11 - [TEST_STEP][PASSED] - click(findTestObject("Object Repository/CS439Forum/Page_SUCourse/a_Login")): Object: 'Object Repository/CS439Forum/Page_SUCourse/a_Login' is clicked on

2021-05-11 19:28:12 - [MESSAGE][PASSED] - Object: 'Object Repository/CS439Forum/Page_SUCourse/a_Login' is clicked on

2021-05-11 19:28:12 - [TEST_STEP][PASSED] - delay(1): Delayed 1 second(s)

2021-05-11 19:28:13 - [MESSAGE][PASSED] - Delayed 1 second(s)

2021-05-11 19:28:13 - [TEST_STEP][PASSED] - click(findTestObject("Object Repository/CS439Forum/Page_SUCourse Authentication choice/a_SUNet users (Sabanc University members)")): Object: 'Object Repository/CS439Forum/Page_SUCourse Authentication choice/a_SUNet users (Sabanc University members)' is clicked on

2021-05-11 19:28:16 - [MESSAGE][PASSED] - Object: 'Object Repository/CS439Forum/Page_SUCourse Authentication choice/a_SUNet users (Sabanc University members)' is clicked on

2021-05-11 19:28:16 - [TEST_STEP][PASSED] - delay(1): Delayed 1 second(s)

2021-05-11 19:28:17 - [MESSAGE][PASSED] - Delayed 1 second(s)

2021-05-11 19:28:17 - [TEST_STEP][PASSED] - setText(findTestObject("Object Repository/CS439Forum/Page_Login - CAS  Central Authentication Service/input_U_username"), "mohamedkassem"): Text 'mohamedkassem' is set on object 'Object Repository/CS439Forum/Page_Login - CAS  Central Authentication Service/input_U_username'

2021-05-11 19:28:17 - [MESSAGE][PASSED] - Text 'mohamedkassem' is set on object 'Object Repository/CS439Forum/Page_Login - CAS  Central Authentication Service/input_U_username'

2021-05-11 19:28:17 - [TEST_STEP][PASSED] - delay(1): Delayed 1 second(s)

2021-05-11 19:28:18 - [MESSAGE][PASSED] - Delayed 1 second(s)

2021-05-11 19:28:18 - [TEST_STEP][PASSED] - setEncryptedText(findTestObject("Object Repository/CS439Forum/Page_Login - CAS  Central Authentication Service/input_P_password"), "lsh4UT/KYs157Zjg3xgr3w=="): Text ****** has been set on object 'Object Repository/CS439Forum/Page_Login - CAS  Central Authentication Service/input_P_password'

2021-05-11 19:28:19 - [MESSAGE][PASSED] - Text ****** has been set on object 'Object Repository/CS439Forum/Page_Login - CAS  Central Authentication Service/input_P_password'

2021-05-11 19:28:19 - [TEST_STEP][PASSED] - delay(1): Delayed 1 second(s)

2021-05-11 19:28:20 - [MESSAGE][PASSED] - Delayed 1 second(s)

2021-05-11 19:28:20 - [TEST_STEP][PASSED] - click(findTestObject("Object Repository/CS439Forum/Page_Login - CAS  Central Authentication Service/input_Remember Me_submit")): Object: 'Object Repository/CS439Forum/Page_Login - CAS  Central Authentication Service/input_Remember Me_submit' is clicked on

2021-05-11 19:28:23 - [MESSAGE][PASSED] - Object: 'Object Repository/CS439Forum/Page_Login - CAS  Central Authentication Service/input_Remember Me_submit' is clicked on

2021-05-11 19:28:23 - [TEST_STEP][PASSED] - delay(1): Delayed 1 second(s)

2021-05-11 19:28:24 - [MESSAGE][PASSED] - Delayed 1 second(s)

2021-05-11 19:28:24 - [TEST_STEP][PASSED] - click(findTestObject("Object Repository/CS439Forum/Page_Dashboard/a_CS439-202002")): Object: 'Object Repository/CS439Forum/Page_Dashboard/a_CS439-202002' is clicked on

2021-05-11 19:28:25 - [MESSAGE][PASSED] - Object: 'Object Repository/CS439Forum/Page_Dashboard/a_CS439-202002' is clicked on

2021-05-11 19:28:25 - [TEST_STEP][PASSED] - delay(1): Delayed 1 second(s)

2021-05-11 19:28:26 - [MESSAGE][PASSED] - Delayed 1 second(s)

2021-05-11 19:28:26 - [TEST_STEP][PASSED] - click(findTestObject("Object Repository/CS439Forum/Page_Course CS439-202002/a_Forums")): Object: 'Object Repository/CS439Forum/Page_Course CS439-202002/a_Forums' is clicked on

2021-05-11 19:28:27 - [MESSAGE][PASSED] - Object: 'Object Repository/CS439Forum/Page_Course CS439-202002/a_Forums' is clicked on

2021-05-11 19:28:27 - [TEST_STEP][PASSED] - delay(1): Delayed 1 second(s)

2021-05-11 19:28:29 - [MESSAGE][PASSED] - Delayed 1 second(s)

2021-05-11 19:28:29 - [TEST_STEP][PASSED] - click(findTestObject("Object Repository/CS439Forum/Page_CS439-202002 Forums/a_Discussion Board")): Object: 'Object Repository/CS439Forum/Page_CS439-202002 Forums/a_Discussion Board' is clicked on

2021-05-11 19:28:30 - [MESSAGE][PASSED] - Object: 'Object Repository/CS439Forum/Page_CS439-202002 Forums/a_Discussion Board' is clicked on

2021-05-11 19:28:30 - [TEST_STEP][PASSED] - delay(2): Delayed 2 second(s)

2021-05-11 19:28:32 - [MESSAGE][PASSED] - Delayed 2 second(s)

2021-05-11 19:28:32 - [TEST_STEP][PASSED] - closeBrowser(): Browser is closed

2021-05-11 19:28:33 - [MESSAGE][PASSED] - Browser is closed]]></system-out>
         <system-err><![CDATA[]]></system-err>
      </testcase>
      <testcase name="Test Cases/BrowserSessions" time="34.342" classname="Test Cases/BrowserSessions" status="PASSED">
         <system-out><![CDATA[2021-05-11 19:28:33 - [TEST_CASE][PASSED] - Test Cases/BrowserSessions: Test Cases/BrowserSessions

2021-05-11 19:28:34 - [TEST_STEP][PASSED] - openBrowser(""): Browser is opened with url: ''

2021-05-11 19:28:34 - [MESSAGE][INFO] - Starting 'Chrome' driver

2021-05-11 19:28:34 - [MESSAGE][INFO] - Action delay is set to 0 milliseconds

2021-05-11 19:28:36 - [MESSAGE][PASSED] - Browser is opened with url: ''

2021-05-11 19:28:36 - [TEST_STEP][PASSED] - navigateToUrl("https://sucourse.sabanciuniv.edu/plus/"): Navigate to 'https://sucourse.sabanciuniv.edu/plus/' successfully

2021-05-11 19:28:40 - [MESSAGE][PASSED] - Navigate to 'https://sucourse.sabanciuniv.edu/plus/' successfully

2021-05-11 19:28:40 - [TEST_STEP][PASSED] - delay(1): Delayed 1 second(s)

2021-05-11 19:28:41 - [MESSAGE][PASSED] - Delayed 1 second(s)

2021-05-11 19:28:41 - [TEST_STEP][PASSED] - click(findTestObject("Object Repository/BrowserSessions/Page_SUCourse/a_Login")): Object: 'Object Repository/BrowserSessions/Page_SUCourse/a_Login' is clicked on

2021-05-11 19:28:42 - [MESSAGE][PASSED] - Object: 'Object Repository/BrowserSessions/Page_SUCourse/a_Login' is clicked on

2021-05-11 19:28:42 - [TEST_STEP][PASSED] - delay(1): Delayed 1 second(s)

2021-05-11 19:28:43 - [MESSAGE][PASSED] - Delayed 1 second(s)

2021-05-11 19:28:43 - [TEST_STEP][PASSED] - click(findTestObject("Object Repository/BrowserSessions/Page_SUCourse Authentication choice/a_SUNet users (Sabanc University members)")): Object: 'Object Repository/BrowserSessions/Page_SUCourse Authentication choice/a_SUNet users (Sabanc University members)' is clicked on

2021-05-11 19:28:46 - [MESSAGE][PASSED] - Object: 'Object Repository/BrowserSessions/Page_SUCourse Authentication choice/a_SUNet users (Sabanc University members)' is clicked on

2021-05-11 19:28:46 - [TEST_STEP][PASSED] - delay(1): Delayed 1 second(s)

2021-05-11 19:28:47 - [MESSAGE][PASSED] - Delayed 1 second(s)

2021-05-11 19:28:47 - [TEST_STEP][PASSED] - setText(findTestObject("Object Repository/BrowserSessions/Page_Login - CAS  Central Authentication Service/input_U_username"), "mohamedkassem"): Text 'mohamedkassem' is set on object 'Object Repository/BrowserSessions/Page_Login - CAS  Central Authentication Service/input_U_username'

2021-05-11 19:28:48 - [MESSAGE][PASSED] - Text 'mohamedkassem' is set on object 'Object Repository/BrowserSessions/Page_Login - CAS  Central Authentication Service/input_U_username'

2021-05-11 19:28:48 - [TEST_STEP][PASSED] - delay(1): Delayed 1 second(s)

2021-05-11 19:28:49 - [MESSAGE][PASSED] - Delayed 1 second(s)

2021-05-11 19:28:49 - [TEST_STEP][PASSED] - setEncryptedText(findTestObject("Object Repository/BrowserSessions/Page_Login - CAS  Central Authentication Service/input_P_password"), "lsh4UT/KYs157Zjg3xgr3w=="): Text ****** has been set on object 'Object Repository/BrowserSessions/Page_Login - CAS  Central Authentication Service/input_P_password'

2021-05-11 19:28:49 - [MESSAGE][PASSED] - Text ****** has been set on object 'Object Repository/BrowserSessions/Page_Login - CAS  Central Authentication Service/input_P_password'

2021-05-11 19:28:49 - [TEST_STEP][PASSED] - delay(1): Delayed 1 second(s)

2021-05-11 19:28:50 - [MESSAGE][PASSED] - Delayed 1 second(s)

2021-05-11 19:28:50 - [TEST_STEP][PASSED] - click(findTestObject("Object Repository/BrowserSessions/Page_Login - CAS  Central Authentication Service/input_Remember Me_submit")): Object: 'Object Repository/BrowserSessions/Page_Login - CAS  Central Authentication Service/input_Remember Me_submit' is clicked on

2021-05-11 19:28:53 - [MESSAGE][PASSED] - Object: 'Object Repository/BrowserSessions/Page_Login - CAS  Central Authentication Service/input_Remember Me_submit' is clicked on

2021-05-11 19:28:53 - [TEST_STEP][PASSED] - delay(1): Delayed 1 second(s)

2021-05-11 19:28:54 - [MESSAGE][PASSED] - Delayed 1 second(s)

2021-05-11 19:28:54 - [TEST_STEP][PASSED] - click(findTestObject("Object Repository/BrowserSessions/Page_Dashboard/span_Mohamed Emad Mohamed Kassem")): Object: 'Object Repository/BrowserSessions/Page_Dashboard/span_Mohamed Emad Mohamed Kassem' is clicked on

2021-05-11 19:28:55 - [MESSAGE][PASSED] - Object: 'Object Repository/BrowserSessions/Page_Dashboard/span_Mohamed Emad Mohamed Kassem' is clicked on

2021-05-11 19:28:55 - [TEST_STEP][PASSED] - delay(1): Delayed 1 second(s)

2021-05-11 19:28:56 - [MESSAGE][PASSED] - Delayed 1 second(s)

2021-05-11 19:28:56 - [TEST_STEP][PASSED] - click(findTestObject("Object Repository/BrowserSessions/Page_Dashboard/span_Profile")): Object: 'Object Repository/BrowserSessions/Page_Dashboard/span_Profile' is clicked on

2021-05-11 19:28:57 - [MESSAGE][PASSED] - Object: 'Object Repository/BrowserSessions/Page_Dashboard/span_Profile' is clicked on

2021-05-11 19:28:57 - [TEST_STEP][PASSED] - delay(1): Delayed 1 second(s)

2021-05-11 19:28:58 - [MESSAGE][PASSED] - Delayed 1 second(s)

2021-05-11 19:28:58 - [TEST_STEP][PASSED] - click(findTestObject("Object Repository/BrowserSessions/Page_Mohamed Emad Mohamed Kassem Public profile/a_Browser sessions")): Object: 'Object Repository/BrowserSessions/Page_Mohamed Emad Mohamed Kassem Public profile/a_Browser sessions' is clicked on

2021-05-11 19:29:00 - [MESSAGE][PASSED] - Object: 'Object Repository/BrowserSessions/Page_Mohamed Emad Mohamed Kassem Public profile/a_Browser sessions' is clicked on

2021-05-11 19:29:00 - [TEST_STEP][PASSED] - delay(1): Delayed 1 second(s)

2021-05-11 19:29:01 - [MESSAGE][PASSED] - Delayed 1 second(s)

2021-05-11 19:29:01 - [TEST_STEP][PASSED] - click(findTestObject("Object Repository/BrowserSessions/Page_Browser sessions/a_156.213.215.40")): Object: 'Object Repository/BrowserSessions/Page_Browser sessions/a_156.213.215.40' is clicked on

2021-05-11 19:29:02 - [MESSAGE][PASSED] - Object: 'Object Repository/BrowserSessions/Page_Browser sessions/a_156.213.215.40' is clicked on

2021-05-11 19:29:02 - [TEST_STEP][PASSED] - delay(1): Delayed 1 second(s)

2021-05-11 19:29:03 - [MESSAGE][PASSED] - Delayed 1 second(s)

2021-05-11 19:29:03 - [TEST_STEP][PASSED] - click(findTestObject("Object Repository/BrowserSessions/Page_IP address lookup 156.213.215.40 - Cai_411c07/img")): Object: 'Object Repository/BrowserSessions/Page_IP address lookup 156.213.215.40 - Cai_411c07/img' is clicked on

2021-05-11 19:29:03 - [MESSAGE][PASSED] - Object: 'Object Repository/BrowserSessions/Page_IP address lookup 156.213.215.40 - Cai_411c07/img' is clicked on

2021-05-11 19:29:03 - [TEST_STEP][PASSED] - delay(3): Delayed 3 second(s)

2021-05-11 19:29:06 - [MESSAGE][PASSED] - Delayed 3 second(s)

2021-05-11 19:29:06 - [TEST_STEP][PASSED] - closeBrowser(): Browser is closed

2021-05-11 19:29:07 - [MESSAGE][PASSED] - Browser is closed]]></system-out>
         <system-err><![CDATA[]]></system-err>
      </testcase>
      <testcase name="Test Cases/BlogEntries" time="31.269" classname="Test Cases/BlogEntries" status="FAILED">
         <failure type="FAILED" message="Test Cases/BlogEntries FAILED.
Reason:
com.kms.katalon.core.exception.StepFailedException: Unable to set text '1 &lt;p>1&lt;/p>' of object 'Object Repository/BlogEntries/Page_SUCourse Blogs Add a new entry/div_1 1'
	at com.kms.katalon.core.webui.keyword.internal.WebUIKeywordMain.stepFailed(WebUIKeywordMain.groovy:64)
	at com.kms.katalon.core.webui.keyword.internal.WebUIKeywordMain.runKeyword(WebUIKeywordMain.groovy:26)
	at com.kms.katalon.core.webui.keyword.builtin.SetTextKeyword.setText(SetTextKeyword.groovy:66)
	at com.kms.katalon.core.webui.keyword.builtin.SetTextKeyword.execute(SetTextKeyword.groovy:37)
	at com.kms.katalon.core.keyword.internal.KeywordExecutor.executeKeywordForPlatform(KeywordExecutor.groovy:73)
	at com.kms.katalon.core.webui.keyword.WebUiBuiltInKeywords.setText(WebUiBuiltInKeywords.groovy:979)
	at com.kms.katalon.core.webui.keyword.WebUiBuiltInKeywords$setText$2.call(Unknown Source)
	at BlogEntries.run(BlogEntries:64)
	at com.kms.katalon.core.main.ScriptEngine.run(ScriptEngine.java:194)
	at com.kms.katalon.core.main.ScriptEngine.runScriptAsRawText(ScriptEngine.java:119)
	at com.kms.katalon.core.main.TestCaseExecutor.runScript(TestCaseExecutor.java:398)
	at com.kms.katalon.core.main.TestCaseExecutor.doExecute(TestCaseExecutor.java:389)
	at com.kms.katalon.core.main.TestCaseExecutor.processExecutionPhase(TestCaseExecutor.java:368)
	at com.kms.katalon.core.main.TestCaseExecutor.accessMainPhase(TestCaseExecutor.java:360)
	at com.kms.katalon.core.main.TestCaseExecutor.execute(TestCaseExecutor.java:255)
	at com.kms.katalon.core.main.TestSuiteExecutor.accessTestCaseMainPhase(TestSuiteExecutor.java:203)
	at com.kms.katalon.core.main.TestSuiteExecutor.accessTestSuiteMainPhase(TestSuiteExecutor.java:152)
	at com.kms.katalon.core.main.TestSuiteExecutor.execute(TestSuiteExecutor.java:95)
	at com.kms.katalon.core.main.TestCaseMain.startTestSuite(TestCaseMain.java:157)
	at com.kms.katalon.core.main.TestCaseMain$startTestSuite$0.call(Unknown Source)
	at TempTestSuite1620750396797.run(TempTestSuite1620750396797.groovy:39)
Caused by: org.openqa.selenium.InvalidElementStateException: invalid element state
  (Session info: chrome=90.0.4430.93)
Build info: version: '3.141.59', revision: 'e82be7d358', time: '2018-11-14T08:25:53'
System info: host: 'DESKTOP-21F1E8S', ip: '192.168.100.73', os.name: 'Windows 10', os.arch: 'amd64', os.version: '10.0', java.version: '1.8.0_181'
Driver info: com.kms.katalon.selenium.driver.CChromeDriver
Capabilities {acceptInsecureCerts: false, browserName: chrome, browserVersion: 90.0.4430.93, chrome: {chromedriverVersion: 90.0.4430.24 (4c6d850f087da..., userDataDir: C:\Users\moham\AppData\Loca...}, goog:chromeOptions: {debuggerAddress: localhost:33273}, javascriptEnabled: true, networkConnectionEnabled: false, pageLoadStrategy: normal, platform: WINDOWS, platformName: WINDOWS, proxy: Proxy(), setWindowRect: true, strictFileInteractability: false, timeouts: {implicit: 0, pageLoad: 300000, script: 30000}, unhandledPromptBehavior: dismiss and notify, webauthn:extension:largeBlob: true, webauthn:virtualAuthenticators: true}
Session ID: 31dc9f3bb7c23803fd6e67e51b92e5cb
	at org.openqa.selenium.remote.http.W3CHttpResponseCodec.createException(W3CHttpResponseCodec.java:187)
	at org.openqa.selenium.remote.http.W3CHttpResponseCodec.decode(W3CHttpResponseCodec.java:122)
	at org.openqa.selenium.remote.http.W3CHttpResponseCodec.decode(W3CHttpResponseCodec.java:49)
	at org.openqa.selenium.remote.HttpCommandExecutor.execute(HttpCommandExecutor.java:158)
	at org.openqa.selenium.remote.service.DriverCommandExecutor.execute(DriverCommandExecutor.java:83)
	at org.openqa.selenium.remote.RemoteWebDriver.execute(RemoteWebDriver.java:552)
	at com.kms.katalon.selenium.driver.CChromeDriver.execute(CChromeDriver.java:19)
	at org.openqa.selenium.remote.RemoteWebElement.execute(RemoteWebElement.java:285)
	at org.openqa.selenium.remote.RemoteWebElement.clear(RemoteWebElement.java:124)
	at org.openqa.selenium.support.events.EventFiringWebDriver$EventFiringWebElement.lambda$new$0(EventFiringWebDriver.java:404)
	at com.sun.proxy.$Proxy11.clear(Unknown Source)
	at org.openqa.selenium.support.events.EventFiringWebDriver$EventFiringWebElement.clear(EventFiringWebDriver.java:436)
	at com.kms.katalon.core.webui.keyword.builtin.SetTextKeyword$_setText_closure1.doCall(SetTextKeyword.groovy:53)
	at com.kms.katalon.core.webui.keyword.builtin.SetTextKeyword$_setText_closure1.call(SetTextKeyword.groovy)
	at com.kms.katalon.core.webui.keyword.internal.WebUIKeywordMain.runKeyword(WebUIKeywordMain.groovy:20)
	... 19 more
"/>
         <system-out><![CDATA[2021-05-11 19:29:07 - [TEST_CASE][FAILED] - Test Cases/BlogEntries: Test Cases/BlogEntries FAILED.
Reason:
com.kms.katalon.core.exception.StepFailedException: Unable to set text '1 <p>1</p>' of object 'Object Repository/BlogEntries/Page_SUCourse Blogs Add a new entry/div_1 1'
	at com.kms.katalon.core.webui.keyword.internal.WebUIKeywordMain.stepFailed(WebUIKeywordMain.groovy:64)
	at com.kms.katalon.core.webui.keyword.internal.WebUIKeywordMain.runKeyword(WebUIKeywordMain.groovy:26)
	at com.kms.katalon.core.webui.keyword.builtin.SetTextKeyword.setText(SetTextKeyword.groovy:66)
	at com.kms.katalon.core.webui.keyword.builtin.SetTextKeyword.execute(SetTextKeyword.groovy:37)
	at com.kms.katalon.core.keyword.internal.KeywordExecutor.executeKeywordForPlatform(KeywordExecutor.groovy:73)
	at com.kms.katalon.core.webui.keyword.WebUiBuiltInKeywords.setText(WebUiBuiltInKeywords.groovy:979)
	at com.kms.katalon.core.webui.keyword.WebUiBuiltInKeywords$setText$2.call(Unknown Source)
	at BlogEntries.run(BlogEntries:64)
	at com.kms.katalon.core.main.ScriptEngine.run(ScriptEngine.java:194)
	at com.kms.katalon.core.main.ScriptEngine.runScriptAsRawText(ScriptEngine.java:119)
	at com.kms.katalon.core.main.TestCaseExecutor.runScript(TestCaseExecutor.java:398)
	at com.kms.katalon.core.main.TestCaseExecutor.doExecute(TestCaseExecutor.java:389)
	at com.kms.katalon.core.main.TestCaseExecutor.processExecutionPhase(TestCaseExecutor.java:368)
	at com.kms.katalon.core.main.TestCaseExecutor.accessMainPhase(TestCaseExecutor.java:360)
	at com.kms.katalon.core.main.TestCaseExecutor.execute(TestCaseExecutor.java:255)
	at com.kms.katalon.core.main.TestSuiteExecutor.accessTestCaseMainPhase(TestSuiteExecutor.java:203)
	at com.kms.katalon.core.main.TestSuiteExecutor.accessTestSuiteMainPhase(TestSuiteExecutor.java:152)
	at com.kms.katalon.core.main.TestSuiteExecutor.execute(TestSuiteExecutor.java:95)
	at com.kms.katalon.core.main.TestCaseMain.startTestSuite(TestCaseMain.java:157)
	at com.kms.katalon.core.main.TestCaseMain$startTestSuite$0.call(Unknown Source)
	at TempTestSuite1620750396797.run(TempTestSuite1620750396797.groovy:39)
Caused by: org.openqa.selenium.InvalidElementStateException: invalid element state
  (Session info: chrome=90.0.4430.93)
Build info: version: '3.141.59', revision: 'e82be7d358', time: '2018-11-14T08:25:53'
System info: host: 'DESKTOP-21F1E8S', ip: '192.168.100.73', os.name: 'Windows 10', os.arch: 'amd64', os.version: '10.0', java.version: '1.8.0_181'
Driver info: com.kms.katalon.selenium.driver.CChromeDriver
Capabilities {acceptInsecureCerts: false, browserName: chrome, browserVersion: 90.0.4430.93, chrome: {chromedriverVersion: 90.0.4430.24 (4c6d850f087da..., userDataDir: C:\Users\moham\AppData\Loca...}, goog:chromeOptions: {debuggerAddress: localhost:33273}, javascriptEnabled: true, networkConnectionEnabled: false, pageLoadStrategy: normal, platform: WINDOWS, platformName: WINDOWS, proxy: Proxy(), setWindowRect: true, strictFileInteractability: false, timeouts: {implicit: 0, pageLoad: 300000, script: 30000}, unhandledPromptBehavior: dismiss and notify, webauthn:extension:largeBlob: true, webauthn:virtualAuthenticators: true}
Session ID: 31dc9f3bb7c23803fd6e67e51b92e5cb
	at org.openqa.selenium.remote.http.W3CHttpResponseCodec.createException(W3CHttpResponseCodec.java:187)
	at org.openqa.selenium.remote.http.W3CHttpResponseCodec.decode(W3CHttpResponseCodec.java:122)
	at org.openqa.selenium.remote.http.W3CHttpResponseCodec.decode(W3CHttpResponseCodec.java:49)
	at org.openqa.selenium.remote.HttpCommandExecutor.execute(HttpCommandExecutor.java:158)
	at org.openqa.selenium.remote.service.DriverCommandExecutor.execute(DriverCommandExecutor.java:83)
	at org.openqa.selenium.remote.RemoteWebDriver.execute(RemoteWebDriver.java:552)
	at com.kms.katalon.selenium.driver.CChromeDriver.execute(CChromeDriver.java:19)
	at org.openqa.selenium.remote.RemoteWebElement.execute(RemoteWebElement.java:285)
	at org.openqa.selenium.remote.RemoteWebElement.clear(RemoteWebElement.java:124)
	at org.openqa.selenium.support.events.EventFiringWebDriver$EventFiringWebElement.lambda$new$0(EventFiringWebDriver.java:404)
	at com.sun.proxy.$Proxy11.clear(Unknown Source)
	at org.openqa.selenium.support.events.EventFiringWebDriver$EventFiringWebElement.clear(EventFiringWebDriver.java:436)
	at com.kms.katalon.core.webui.keyword.builtin.SetTextKeyword$_setText_closure1.doCall(SetTextKeyword.groovy:53)
	at com.kms.katalon.core.webui.keyword.builtin.SetTextKeyword$_setText_closure1.call(SetTextKeyword.groovy)
	at com.kms.katalon.core.webui.keyword.internal.WebUIKeywordMain.runKeyword(WebUIKeywordMain.groovy:20)
	... 19 more


2021-05-11 19:29:08 - [TEST_STEP][PASSED] - openBrowser(""): Browser is opened with url: ''

2021-05-11 19:29:08 - [MESSAGE][INFO] - Starting 'Chrome' driver

2021-05-11 19:29:08 - [MESSAGE][INFO] - Action delay is set to 0 milliseconds

2021-05-11 19:29:10 - [MESSAGE][PASSED] - Browser is opened with url: ''

2021-05-11 19:29:10 - [TEST_STEP][PASSED] - navigateToUrl("https://sucourse.sabanciuniv.edu/plus/"): Navigate to 'https://sucourse.sabanciuniv.edu/plus/' successfully

2021-05-11 19:29:14 - [MESSAGE][PASSED] - Navigate to 'https://sucourse.sabanciuniv.edu/plus/' successfully

2021-05-11 19:29:14 - [TEST_STEP][PASSED] - delay(1): Delayed 1 second(s)

2021-05-11 19:29:15 - [MESSAGE][PASSED] - Delayed 1 second(s)

2021-05-11 19:29:15 - [TEST_STEP][PASSED] - click(findTestObject("Object Repository/BlogEntries/Page_SUCourse/a_Login")): Object: 'Object Repository/BlogEntries/Page_SUCourse/a_Login' is clicked on

2021-05-11 19:29:16 - [MESSAGE][PASSED] - Object: 'Object Repository/BlogEntries/Page_SUCourse/a_Login' is clicked on

2021-05-11 19:29:16 - [TEST_STEP][PASSED] - delay(1): Delayed 1 second(s)

2021-05-11 19:29:17 - [MESSAGE][PASSED] - Delayed 1 second(s)

2021-05-11 19:29:17 - [TEST_STEP][PASSED] - click(findTestObject("Object Repository/BlogEntries/Page_SUCourse Authentication choice/a_SUNet users (Sabanc University members)")): Object: 'Object Repository/BlogEntries/Page_SUCourse Authentication choice/a_SUNet users (Sabanc University members)' is clicked on

2021-05-11 19:29:19 - [MESSAGE][PASSED] - Object: 'Object Repository/BlogEntries/Page_SUCourse Authentication choice/a_SUNet users (Sabanc University members)' is clicked on

2021-05-11 19:29:19 - [TEST_STEP][PASSED] - delay(1): Delayed 1 second(s)

2021-05-11 19:29:20 - [MESSAGE][PASSED] - Delayed 1 second(s)

2021-05-11 19:29:20 - [TEST_STEP][PASSED] - setText(findTestObject("Object Repository/BlogEntries/Page_Login - CAS  Central Authentication Service/input_U_username"), "mohamedkassem"): Text 'mohamedkassem' is set on object 'Object Repository/BlogEntries/Page_Login - CAS  Central Authentication Service/input_U_username'

2021-05-11 19:29:21 - [MESSAGE][PASSED] - Text 'mohamedkassem' is set on object 'Object Repository/BlogEntries/Page_Login - CAS  Central Authentication Service/input_U_username'

2021-05-11 19:29:21 - [TEST_STEP][PASSED] - delay(1): Delayed 1 second(s)

2021-05-11 19:29:22 - [MESSAGE][PASSED] - Delayed 1 second(s)

2021-05-11 19:29:22 - [TEST_STEP][PASSED] - setEncryptedText(findTestObject("Object Repository/BlogEntries/Page_Login - CAS  Central Authentication Service/input_P_password"), "lsh4UT/KYs157Zjg3xgr3w=="): Text ****** has been set on object 'Object Repository/BlogEntries/Page_Login - CAS  Central Authentication Service/input_P_password'

2021-05-11 19:29:23 - [MESSAGE][PASSED] - Text ****** has been set on object 'Object Repository/BlogEntries/Page_Login - CAS  Central Authentication Service/input_P_password'

2021-05-11 19:29:23 - [TEST_STEP][PASSED] - delay(1): Delayed 1 second(s)

2021-05-11 19:29:24 - [MESSAGE][PASSED] - Delayed 1 second(s)

2021-05-11 19:29:24 - [TEST_STEP][PASSED] - click(findTestObject("Object Repository/BlogEntries/Page_Login - CAS  Central Authentication Service/input_Remember Me_submit")): Object: 'Object Repository/BlogEntries/Page_Login - CAS  Central Authentication Service/input_Remember Me_submit' is clicked on

2021-05-11 19:29:27 - [MESSAGE][PASSED] - Object: 'Object Repository/BlogEntries/Page_Login - CAS  Central Authentication Service/input_Remember Me_submit' is clicked on

2021-05-11 19:29:27 - [TEST_STEP][PASSED] - delay(1): Delayed 1 second(s)

2021-05-11 19:29:28 - [MESSAGE][PASSED] - Delayed 1 second(s)

2021-05-11 19:29:28 - [TEST_STEP][PASSED] - click(findTestObject("Object Repository/BlogEntries/Page_Dashboard/span_Mohamed Emad Mohamed Kassem")): Object: 'Object Repository/BlogEntries/Page_Dashboard/span_Mohamed Emad Mohamed Kassem' is clicked on

2021-05-11 19:29:29 - [MESSAGE][PASSED] - Object: 'Object Repository/BlogEntries/Page_Dashboard/span_Mohamed Emad Mohamed Kassem' is clicked on

2021-05-11 19:29:29 - [TEST_STEP][PASSED] - delay(1): Delayed 1 second(s)

2021-05-11 19:29:30 - [MESSAGE][PASSED] - Delayed 1 second(s)

2021-05-11 19:29:30 - [TEST_STEP][PASSED] - click(findTestObject("Object Repository/BlogEntries/Page_Dashboard/span_Profile")): Object: 'Object Repository/BlogEntries/Page_Dashboard/span_Profile' is clicked on

2021-05-11 19:29:31 - [MESSAGE][PASSED] - Object: 'Object Repository/BlogEntries/Page_Dashboard/span_Profile' is clicked on

2021-05-11 19:29:31 - [TEST_STEP][PASSED] - delay(1): Delayed 1 second(s)

2021-05-11 19:29:32 - [MESSAGE][PASSED] - Delayed 1 second(s)

2021-05-11 19:29:32 - [TEST_STEP][PASSED] - click(findTestObject("Object Repository/BlogEntries/Page_Mohamed Emad Mohamed Kassem Public profile/a_Blog entries")): Object: 'Object Repository/BlogEntries/Page_Mohamed Emad Mohamed Kassem Public profile/a_Blog entries' is clicked on

2021-05-11 19:29:33 - [MESSAGE][PASSED] - Object: 'Object Repository/BlogEntries/Page_Mohamed Emad Mohamed Kassem Public profile/a_Blog entries' is clicked on

2021-05-11 19:29:33 - [TEST_STEP][PASSED] - delay(1): Delayed 1 second(s)

2021-05-11 19:29:34 - [MESSAGE][PASSED] - Delayed 1 second(s)

2021-05-11 19:29:34 - [TEST_STEP][PASSED] - click(findTestObject("Object Repository/BlogEntries/Page_SUCourse Mohamed Emad Mohamed Kassem Blog/a_Add a new entry")): Object: 'Object Repository/BlogEntries/Page_SUCourse Mohamed Emad Mohamed Kassem Blog/a_Add a new entry' is clicked on

2021-05-11 19:29:37 - [MESSAGE][PASSED] - Object: 'Object Repository/BlogEntries/Page_SUCourse Mohamed Emad Mohamed Kassem Blog/a_Add a new entry' is clicked on

2021-05-11 19:29:37 - [TEST_STEP][PASSED] - delay(1): Delayed 1 second(s)

2021-05-11 19:29:38 - [MESSAGE][PASSED] - Delayed 1 second(s)

2021-05-11 19:29:38 - [TEST_STEP][FAILED] - setText(findTestObject("Object Repository/BlogEntries/Page_SUCourse Blogs Add a new entry/div_1 1"), "1 <p>1</p>"): Unable to set text '1 <p>1</p>' of object 'Object Repository/BlogEntries/Page_SUCourse Blogs Add a new entry/div_1 1' (Root cause: com.kms.katalon.core.exception.StepFailedException: Unable to set text '1 <p>1</p>' of object 'Object Repository/BlogEntries/Page_SUCourse Blogs Add a new entry/div_1 1'
	at com.kms.katalon.core.webui.keyword.internal.WebUIKeywordMain.stepFailed(WebUIKeywordMain.groovy:64)
	at com.kms.katalon.core.webui.keyword.internal.WebUIKeywordMain.runKeyword(WebUIKeywordMain.groovy:26)
	at com.kms.katalon.core.webui.keyword.builtin.SetTextKeyword.setText(SetTextKeyword.groovy:66)
	at com.kms.katalon.core.webui.keyword.builtin.SetTextKeyword.execute(SetTextKeyword.groovy:37)
	at com.kms.katalon.core.keyword.internal.KeywordExecutor.executeKeywordForPlatform(KeywordExecutor.groovy:73)
	at com.kms.katalon.core.webui.keyword.WebUiBuiltInKeywords.setText(WebUiBuiltInKeywords.groovy:979)
	at com.kms.katalon.core.webui.keyword.WebUiBuiltInKeywords$setText$2.call(Unknown Source)
	at BlogEntries.run(BlogEntries:64)
	at com.kms.katalon.core.main.ScriptEngine.run(ScriptEngine.java:194)
	at com.kms.katalon.core.main.ScriptEngine.runScriptAsRawText(ScriptEngine.java:119)
	at com.kms.katalon.core.main.TestCaseExecutor.runScript(TestCaseExecutor.java:398)
	at com.kms.katalon.core.main.TestCaseExecutor.doExecute(TestCaseExecutor.java:389)
	at com.kms.katalon.core.main.TestCaseExecutor.processExecutionPhase(TestCaseExecutor.java:368)
	at com.kms.katalon.core.main.TestCaseExecutor.accessMainPhase(TestCaseExecutor.java:360)
	at com.kms.katalon.core.main.TestCaseExecutor.execute(TestCaseExecutor.java:255)
	at com.kms.katalon.core.main.TestSuiteExecutor.accessTestCaseMainPhase(TestSuiteExecutor.java:203)
	at com.kms.katalon.core.main.TestSuiteExecutor.accessTestSuiteMainPhase(TestSuiteExecutor.java:152)
	at com.kms.katalon.core.main.TestSuiteExecutor.execute(TestSuiteExecutor.java:95)
	at com.kms.katalon.core.main.TestCaseMain.startTestSuite(TestCaseMain.java:157)
	at com.kms.katalon.core.main.TestCaseMain$startTestSuite$0.call(Unknown Source)
	at TempTestSuite1620750396797.run(TempTestSuite1620750396797.groovy:39)
Caused by: org.openqa.selenium.InvalidElementStateException: invalid element state
  (Session info: chrome=90.0.4430.93)
Build info: version: '3.141.59', revision: 'e82be7d358', time: '2018-11-14T08:25:53'
System info: host: 'DESKTOP-21F1E8S', ip: '192.168.100.73', os.name: 'Windows 10', os.arch: 'amd64', os.version: '10.0', java.version: '1.8.0_181'
Driver info: com.kms.katalon.selenium.driver.CChromeDriver
Capabilities {acceptInsecureCerts: false, browserName: chrome, browserVersion: 90.0.4430.93, chrome: {chromedriverVersion: 90.0.4430.24 (4c6d850f087da..., userDataDir: C:\Users\moham\AppData\Loca...}, goog:chromeOptions: {debuggerAddress: localhost:33273}, javascriptEnabled: true, networkConnectionEnabled: false, pageLoadStrategy: normal, platform: WINDOWS, platformName: WINDOWS, proxy: Proxy(), setWindowRect: true, strictFileInteractability: false, timeouts: {implicit: 0, pageLoad: 300000, script: 30000}, unhandledPromptBehavior: dismiss and notify, webauthn:extension:largeBlob: true, webauthn:virtualAuthenticators: true}
Session ID: 31dc9f3bb7c23803fd6e67e51b92e5cb
	at org.openqa.selenium.remote.http.W3CHttpResponseCodec.createException(W3CHttpResponseCodec.java:187)
	at org.openqa.selenium.remote.http.W3CHttpResponseCodec.decode(W3CHttpResponseCodec.java:122)
	at org.openqa.selenium.remote.http.W3CHttpResponseCodec.decode(W3CHttpResponseCodec.java:49)
	at org.openqa.selenium.remote.HttpCommandExecutor.execute(HttpCommandExecutor.java:158)
	at org.openqa.selenium.remote.service.DriverCommandExecutor.execute(DriverCommandExecutor.java:83)
	at org.openqa.selenium.remote.RemoteWebDriver.execute(RemoteWebDriver.java:552)
	at com.kms.katalon.selenium.driver.CChromeDriver.execute(CChromeDriver.java:19)
	at org.openqa.selenium.remote.RemoteWebElement.execute(RemoteWebElement.java:285)
	at org.openqa.selenium.remote.RemoteWebElement.clear(RemoteWebElement.java:124)
	at org.openqa.selenium.support.events.EventFiringWebDriver$EventFiringWebElement.lambda$new$0(EventFiringWebDriver.java:404)
	at com.sun.proxy.$Proxy11.clear(Unknown Source)
	at org.openqa.selenium.support.events.EventFiringWebDriver$EventFiringWebElement.clear(EventFiringWebDriver.java:436)
	at com.kms.katalon.core.webui.keyword.builtin.SetTextKeyword$_setText_closure1.doCall(SetTextKeyword.groovy:53)
	at com.kms.katalon.core.webui.keyword.builtin.SetTextKeyword$_setText_closure1.call(SetTextKeyword.groovy)
	at com.kms.katalon.core.webui.keyword.internal.WebUIKeywordMain.runKeyword(WebUIKeywordMain.groovy:20)
	at com.kms.katalon.core.webui.keyword.builtin.SetTextKeyword.setText(SetTextKeyword.groovy:66)
	at com.kms.katalon.core.webui.keyword.builtin.SetTextKeyword.execute(SetTextKeyword.groovy:37)
	at com.kms.katalon.core.keyword.internal.KeywordExecutor.executeKeywordForPlatform(KeywordExecutor.groovy:73)
	at com.kms.katalon.core.webui.keyword.WebUiBuiltInKeywords.setText(WebUiBuiltInKeywords.groovy:979)
	at com.kms.katalon.core.webui.keyword.WebUiBuiltInKeywords$setText$2.call(Unknown Source)
	at Script1620656559910.run(Script1620656559910.groovy:64)
	... 13 more
)

2021-05-11 19:29:39 - [MESSAGE][FAILED] - Unable to set text '1 <p>1</p>' of object 'Object Repository/BlogEntries/Page_SUCourse Blogs Add a new entry/div_1 1' (Root cause: com.kms.katalon.core.exception.StepFailedException: Unable to set text '1 <p>1</p>' of object 'Object Repository/BlogEntries/Page_SUCourse Blogs Add a new entry/div_1 1'
	at com.kms.katalon.core.webui.keyword.internal.WebUIKeywordMain.stepFailed(WebUIKeywordMain.groovy:64)
	at com.kms.katalon.core.webui.keyword.internal.WebUIKeywordMain.runKeyword(WebUIKeywordMain.groovy:26)
	at com.kms.katalon.core.webui.keyword.builtin.SetTextKeyword.setText(SetTextKeyword.groovy:66)
	at com.kms.katalon.core.webui.keyword.builtin.SetTextKeyword.execute(SetTextKeyword.groovy:37)
	at com.kms.katalon.core.keyword.internal.KeywordExecutor.executeKeywordForPlatform(KeywordExecutor.groovy:73)
	at com.kms.katalon.core.webui.keyword.WebUiBuiltInKeywords.setText(WebUiBuiltInKeywords.groovy:979)
	at com.kms.katalon.core.webui.keyword.WebUiBuiltInKeywords$setText$2.call(Unknown Source)
	at BlogEntries.run(BlogEntries:64)
	at com.kms.katalon.core.main.ScriptEngine.run(ScriptEngine.java:194)
	at com.kms.katalon.core.main.ScriptEngine.runScriptAsRawText(ScriptEngine.java:119)
	at com.kms.katalon.core.main.TestCaseExecutor.runScript(TestCaseExecutor.java:398)
	at com.kms.katalon.core.main.TestCaseExecutor.doExecute(TestCaseExecutor.java:389)
	at com.kms.katalon.core.main.TestCaseExecutor.processExecutionPhase(TestCaseExecutor.java:368)
	at com.kms.katalon.core.main.TestCaseExecutor.accessMainPhase(TestCaseExecutor.java:360)
	at com.kms.katalon.core.main.TestCaseExecutor.execute(TestCaseExecutor.java:255)
	at com.kms.katalon.core.main.TestSuiteExecutor.accessTestCaseMainPhase(TestSuiteExecutor.java:203)
	at com.kms.katalon.core.main.TestSuiteExecutor.accessTestSuiteMainPhase(TestSuiteExecutor.java:152)
	at com.kms.katalon.core.main.TestSuiteExecutor.execute(TestSuiteExecutor.java:95)
	at com.kms.katalon.core.main.TestCaseMain.startTestSuite(TestCaseMain.java:157)
	at com.kms.katalon.core.main.TestCaseMain$startTestSuite$0.call(Unknown Source)
	at TempTestSuite1620750396797.run(TempTestSuite1620750396797.groovy:39)
Caused by: org.openqa.selenium.InvalidElementStateException: invalid element state
  (Session info: chrome=90.0.4430.93)
Build info: version: '3.141.59', revision: 'e82be7d358', time: '2018-11-14T08:25:53'
System info: host: 'DESKTOP-21F1E8S', ip: '192.168.100.73', os.name: 'Windows 10', os.arch: 'amd64', os.version: '10.0', java.version: '1.8.0_181'
Driver info: com.kms.katalon.selenium.driver.CChromeDriver
Capabilities {acceptInsecureCerts: false, browserName: chrome, browserVersion: 90.0.4430.93, chrome: {chromedriverVersion: 90.0.4430.24 (4c6d850f087da..., userDataDir: C:\Users\moham\AppData\Loca...}, goog:chromeOptions: {debuggerAddress: localhost:33273}, javascriptEnabled: true, networkConnectionEnabled: false, pageLoadStrategy: normal, platform: WINDOWS, platformName: WINDOWS, proxy: Proxy(), setWindowRect: true, strictFileInteractability: false, timeouts: {implicit: 0, pageLoad: 300000, script: 30000}, unhandledPromptBehavior: dismiss and notify, webauthn:extension:largeBlob: true, webauthn:virtualAuthenticators: true}
Session ID: 31dc9f3bb7c23803fd6e67e51b92e5cb
	at org.openqa.selenium.remote.http.W3CHttpResponseCodec.createException(W3CHttpResponseCodec.java:187)
	at org.openqa.selenium.remote.http.W3CHttpResponseCodec.decode(W3CHttpResponseCodec.java:122)
	at org.openqa.selenium.remote.http.W3CHttpResponseCodec.decode(W3CHttpResponseCodec.java:49)
	at org.openqa.selenium.remote.HttpCommandExecutor.execute(HttpCommandExecutor.java:158)
	at org.openqa.selenium.remote.service.DriverCommandExecutor.execute(DriverCommandExecutor.java:83)
	at org.openqa.selenium.remote.RemoteWebDriver.execute(RemoteWebDriver.java:552)
	at com.kms.katalon.selenium.driver.CChromeDriver.execute(CChromeDriver.java:19)
	at org.openqa.selenium.remote.RemoteWebElement.execute(RemoteWebElement.java:285)
	at org.openqa.selenium.remote.RemoteWebElement.clear(RemoteWebElement.java:124)
	at org.openqa.selenium.support.events.EventFiringWebDriver$EventFiringWebElement.lambda$new$0(EventFiringWebDriver.java:404)
	at com.sun.proxy.$Proxy11.clear(Unknown Source)
	at org.openqa.selenium.support.events.EventFiringWebDriver$EventFiringWebElement.clear(EventFiringWebDriver.java:436)
	at com.kms.katalon.core.webui.keyword.builtin.SetTextKeyword$_setText_closure1.doCall(SetTextKeyword.groovy:53)
	at com.kms.katalon.core.webui.keyword.builtin.SetTextKeyword$_setText_closure1.call(SetTextKeyword.groovy)
	at com.kms.katalon.core.webui.keyword.internal.WebUIKeywordMain.runKeyword(WebUIKeywordMain.groovy:20)
	at com.kms.katalon.core.webui.keyword.builtin.SetTextKeyword.setText(SetTextKeyword.groovy:66)
	at com.kms.katalon.core.webui.keyword.builtin.SetTextKeyword.execute(SetTextKeyword.groovy:37)
	at com.kms.katalon.core.keyword.internal.KeywordExecutor.executeKeywordForPlatform(KeywordExecutor.groovy:73)
	at com.kms.katalon.core.webui.keyword.WebUiBuiltInKeywords.setText(WebUiBuiltInKeywords.groovy:979)
	at com.kms.katalon.core.webui.keyword.WebUiBuiltInKeywords$setText$2.call(Unknown Source)
	at Script1620656559910.run(Script1620656559910.groovy:64)
	... 13 more
)
[[ATTACHMENT|C:\\Users\\moham\\git\\SuCourse_Katalon\\Reports\\20210511_192636\\Navigation\\20210511_192636\\1620750578686.png]]]]></system-out>
[...]
	at com.kms.katalon.core.webui.keyword.builtin.ClickKeyword.click(ClickKeyword.groovy:75)
	at com.kms.katalon.core.webui.keyword.builtin.ClickKeyword.execute(ClickKeyword.groovy:42)
	at com.kms.katalon.core.keyword.internal.KeywordExecutor.executeKeywordForPlatform(KeywordExecutor.groovy:73)
	at com.kms.katalon.core.webui.keyword.WebUiBuiltInKeywords.click(WebUiBuiltInKeywords.groovy:619)
	at com.kms.katalon.core.webui.keyword.WebUiBuiltInKeywords$click$1.call(Unknown Source)
	at Script1620748117310.run(Script1620748117310.groovy:48)
	... 13 more
)

2021-05-11 19:36:26 - [MESSAGE][FAILED] - Unable to click on object 'Object Repository/CS439announcments/Page_Dashboard/a_CS439-202002' (Root cause: com.kms.katalon.core.exception.StepFailedException: Unable to click on object 'Object Repository/CS439announcments/Page_Dashboard/a_CS439-202002'
	at com.kms.katalon.core.webui.keyword.internal.WebUIKeywordMain.stepFailed(WebUIKeywordMain.groovy:64)
	at com.kms.katalon.core.webui.keyword.internal.WebUIKeywordMain.runKeyword(WebUIKeywordMain.groovy:26)
	at com.kms.katalon.core.webui.keyword.builtin.ClickKeyword.click(ClickKeyword.groovy:75)
	at com.kms.katalon.core.webui.keyword.builtin.ClickKeyword.execute(ClickKeyword.groovy:42)
	at com.kms.katalon.core.keyword.internal.KeywordExecutor.executeKeywordForPlatform(KeywordExecutor.groovy:73)
	at com.kms.katalon.core.webui.keyword.WebUiBuiltInKeywords.click(WebUiBuiltInKeywords.groovy:619)
	at com.kms.katalon.core.webui.keyword.WebUiBuiltInKeywords$click$1.call(Unknown Source)
	at CS439announcments.run(CS439announcments:48)
	at com.kms.katalon.core.main.ScriptEngine.run(ScriptEngine.java:194)
	at com.kms.katalon.core.main.ScriptEngine.runScriptAsRawText(ScriptEngine.java:119)
	at com.kms.katalon.core.main.TestCaseExecutor.runScript(TestCaseExecutor.java:398)
	at com.kms.katalon.core.main.TestCaseExecutor.doExecute(TestCaseExecutor.java:389)
	at com.kms.katalon.core.main.TestCaseExecutor.processExecutionPhase(TestCaseExecutor.java:368)
	at com.kms.katalon.core.main.TestCaseExecutor.accessMainPhase(TestCaseExecutor.java:360)
	at com.kms.katalon.core.main.TestCaseExecutor.execute(TestCaseExecutor.java:255)
	at com.kms.katalon.core.main.TestSuiteExecutor.accessTestCaseMainPhase(TestSuiteExecutor.java:203)
	at com.kms.katalon.core.main.TestSuiteExecutor.accessTestSuiteMainPhase(TestSuiteExecutor.java:152)
	at com.kms.katalon.core.main.TestSuiteExecutor.execute(TestSuiteExecutor.java:95)
	at com.kms.katalon.core.main.TestCaseMain.startTestSuite(TestCaseMain.java:157)
	at com.kms.katalon.core.main.TestCaseMain$startTestSuite$0.call(Unknown Source)
	at TempTestSuite1620750396797.run(TempTestSuite1620750396797.groovy:39)
Caused by: org.openqa.selenium.ElementNotInteractableException: element not interactable
  (Session info: chrome=90.0.4430.93)
Build info: version: '3.141.59', revision: 'e82be7d358', time: '2018-11-14T08:25:53'
System info: host: 'DESKTOP-21F1E8S', ip: '192.168.100.73', os.name: 'Windows 10', os.arch: 'amd64', os.version: '10.0', java.version: '1.8.0_181'
Driver info: com.kms.katalon.selenium.driver.CChromeDriver
Capabilities {acceptInsecureCerts: false, browserName: chrome, browserVersion: 90.0.4430.93, chrome: {chromedriverVersion: 90.0.4430.24 (4c6d850f087da..., userDataDir: C:\Users\moham\AppData\Loca...}, goog:chromeOptions: {debuggerAddress: localhost:33999}, javascriptEnabled: true, networkConnectionEnabled: false, pageLoadStrategy: normal, platform: WINDOWS, platformName: WINDOWS, proxy: Proxy(), setWindowRect: true, strictFileInteractability: false, timeouts: {implicit: 0, pageLoad: 300000, script: 30000}, unhandledPromptBehavior: dismiss and notify, webauthn:extension:largeBlob: true, webauthn:virtualAuthenticators: true}
Session ID: c396477e38026b78f0f3df076c3476c6
	at org.openqa.selenium.remote.http.W3CHttpResponseCodec.createException(W3CHttpResponseCodec.java:187)
	at org.openqa.selenium.remote.http.W3CHttpResponseCodec.decode(W3CHttpResponseCodec.java:122)
	at org.openqa.selenium.remote.http.W3CHttpResponseCodec.decode(W3CHttpResponseCodec.java:49)
	at org.openqa.selenium.remote.HttpCommandExecutor.execute(HttpCommandExecutor.java:158)
	at org.openqa.selenium.remote.service.DriverCommandExecutor.execute(DriverCommandExecutor.java:83)
	at org.openqa.selenium.remote.RemoteWebDriver.execute(RemoteWebDriver.java:552)
	at com.kms.katalon.selenium.driver.CChromeDriver.execute(CChromeDriver.java:19)
	at org.openqa.selenium.remote.RemoteWebElement.execute(RemoteWebElement.java:285)
	at org.openqa.selenium.remote.RemoteWebElement.click(RemoteWebElement.java:84)
	at org.openqa.selenium.support.events.EventFiringWebDriver$EventFiringWebElement.lambda$new$0(EventFiringWebDriver.java:404)
	at com.sun.proxy.$Proxy11.click(Unknown Source)
	at org.openqa.selenium.support.events.EventFiringWebDriver$EventFiringWebElement.click(EventFiringWebDriver.java:417)
	at com.kms.katalon.core.webui.keyword.builtin.ClickKeyword$_click_closure1.doCall(ClickKeyword.groovy:68)
	at com.kms.katalon.core.webui.keyword.builtin.ClickKeyword$_click_closure1.call(ClickKeyword.groovy)
	at com.kms.katalon.core.webui.keyword.internal.WebUIKeywordMain.runKeyword(WebUIKeywordMain.groovy:20)
	at com.kms.katalon.core.webui.keyword.builtin.ClickKeyword.click(ClickKeyword.groovy:75)
	at com.kms.katalon.core.webui.keyword.builtin.ClickKeyword.execute(ClickKeyword.groovy:42)
	at com.kms.katalon.core.keyword.internal.KeywordExecutor.executeKeywordForPlatform(KeywordExecutor.groovy:73)
	at com.kms.katalon.core.webui.keyword.WebUiBuiltInKeywords.click(WebUiBuiltInKeywords.groovy:619)
	at com.kms.katalon.core.webui.keyword.WebUiBuiltInKeywords$click$1.call(Unknown Source)
	at Script1620748117310.run(Script1620748117310.groovy:48)
	... 13 more
)
[[ATTACHMENT|C:\\Users\\moham\\git\\SuCourse_Katalon\\Reports\\20210511_192636\\Navigation\\20210511_192636\\1620750986447.png]]]]></system-out>
         <system-err><![CDATA[2021-05-11 19:36:05 - [TEST_CASE][FAILED] - Test Cases/CS439announcments: Test Cases/CS439announcments FAILED.
Reason:
com.kms.katalon.core.exception.StepFailedException: Unable to click on object 'Object Repository/CS439announcments/Page_Dashboard/a_CS439-202002'
	at com.kms.katalon.core.webui.keyword.internal.WebUIKeywordMain.stepFailed(WebUIKeywordMain.groovy:64)
	at com.kms.katalon.core.webui.keyword.internal.WebUIKeywordMain.runKeyword(WebUIKeywordMain.groovy:26)
	at com.kms.katalon.core.webui.keyword.builtin.ClickKeyword.click(ClickKeyword.groovy:75)
	at com.kms.katalon.core.webui.keyword.builtin.ClickKeyword.execute(ClickKeyword.groovy:42)
	at com.kms.katalon.core.keyword.internal.KeywordExecutor.executeKeywordForPlatform(KeywordExecutor.groovy:73)
	at com.kms.katalon.core.webui.keyword.WebUiBuiltInKeywords.click(WebUiBuiltInKeywords.groovy:619)
	at com.kms.katalon.core.webui.keyword.WebUiBuiltInKeywords$click$1.call(Unknown Source)
	at CS439announcments.run(CS439announcments:48)
	at com.kms.katalon.core.main.ScriptEngine.run(ScriptEngine.java:194)
	at com.kms.katalon.core.main.ScriptEngine.runScriptAsRawText(ScriptEngine.java:119)
	at com.kms.katalon.core.main.TestCaseExecutor.runScript(TestCaseExecutor.java:398)
	at com.kms.katalon.core.main.TestCaseExecutor.doExecute(TestCaseExecutor.java:389)
	at com.kms.katalon.core.main.TestCaseExecutor.processExecutionPhase(TestCaseExecutor.java:368)
	at com.kms.katalon.core.main.TestCaseExecutor.accessMainPhase(TestCaseExecutor.java:360)
	at com.kms.katalon.core.main.TestCaseExecutor.execute(TestCaseExecutor.java:255)
	at com.kms.katalon.core.main.TestSuiteExecutor.accessTestCaseMainPhase(TestSuiteExecutor.java:203)
	at com.kms.katalon.core.main.TestSuiteExecutor.accessTestSuiteMainPhase(TestSuiteExecutor.java:152)
	at com.kms.katalon.core.main.TestSuiteExecutor.execute(TestSuiteExecutor.java:95)
	at com.kms.katalon.core.main.TestCaseMain.startTestSuite(TestCaseMain.java:157)
	at com.kms.katalon.core.main.TestCaseMain$startTestSuite$0.call(Unknown Source)
	at TempTestSuite1620750396797.run(TempTestSuite1620750396797.groovy:39)
Caused by: org.openqa.selenium.ElementNotInteractableException: element not interactable
  (Session info: chrome=90.0.4430.93)
Build info: version: '3.141.59', revision: 'e82be7d358', time: '2018-11-14T08:25:53'
System info: host: 'DESKTOP-21F1E8S', ip: '192.168.100.73', os.name: 'Windows 10', os.arch: 'amd64', os.version: '10.0', java.version: '1.8.0_181'
Driver info: com.kms.katalon.selenium.driver.CChromeDriver
Capabilities {acceptInsecureCerts: false, browserName: chrome, browserVersion: 90.0.4430.93, chrome: {chromedriverVersion: 90.0.4430.24 (4c6d850f087da..., userDataDir: C:\Users\moham\AppData\Loca...}, goog:chromeOptions: {debuggerAddress: localhost:33999}, javascriptEnabled: true, networkConnectionEnabled: false, pageLoadStrategy: normal, platform: WINDOWS, platformName: WINDOWS, proxy: Proxy(), setWindowRect: true, strictFileInteractability: false, timeouts: {implicit: 0, pageLoad: 300000, script: 30000}, unhandledPromptBehavior: dismiss and notify, webauthn:extension:largeBlob: true, webauthn:virtualAuthenticators: true}
Session ID: c396477e38026b78f0f3df076c3476c6
	at org.openqa.selenium.remote.http.W3CHttpResponseCodec.createException(W3CHttpResponseCodec.java:187)
	at org.openqa.selenium.remote.http.W3CHttpResponseCodec.decode(W3CHttpResponseCodec.java:122)
	at org.openqa.selenium.remote.http.W3CHttpResponseCodec.decode(W3CHttpResponseCodec.java:49)
	at org.openqa.selenium.remote.HttpCommandExecutor.execute(HttpCommandExecutor.java:158)
	at org.openqa.selenium.remote.service.DriverCommandExecutor.execute(DriverCommandExecutor.java:83)
	at org.openqa.selenium.remote.RemoteWebDriver.execute(RemoteWebDriver.java:552)
	at com.kms.katalon.selenium.driver.CChromeDriver.execute(CChromeDriver.java:19)
	at org.openqa.selenium.remote.RemoteWebElement.execute(RemoteWebElement.java:285)
	at org.openqa.selenium.remote.RemoteWebElement.click(RemoteWebElement.java:84)
	at org.openqa.selenium.support.events.EventFiringWebDriver$EventFiringWebElement.lambda$new$0(EventFiringWebDriver.java:404)
	at com.sun.proxy.$Proxy11.click(Unknown Source)
	at org.openqa.selenium.support.events.EventFiringWebDriver$EventFiringWebElement.click(EventFiringWebDriver.java:417)
	at com.kms.katalon.core.webui.keyword.builtin.ClickKeyword$_click_closure1.doCall(ClickKeyword.groovy:68)
	at com.kms.katalon.core.webui.keyword.builtin.ClickKeyword$_click_closure1.call(ClickKeyword.groovy)
	at com.kms.katalon.core.webui.keyword.internal.WebUIKeywordMain.runKeyword(WebUIKeywordMain.groovy:20)
	... 19 more]]></system-err>
      </testcase>
      <system-out><![CDATA[2021-05-11 19:26:42 - [TEST_SUITE][FAILED] - Navigation: Test Cases/MyCourses(CS439) FAILED.
Reason:
com.kms.katalon.core.exception.StepFailedException: Unable to click on object 'Object Repository/MyCourses(CS439)/Page_Dashboard/a_CS439-202002'
	at com.kms.katalon.core.webui.keyword.internal.WebUIKeywordMain.stepFailed(WebUIKeywordMain.groovy:64)
	at com.kms.katalon.core.webui.keyword.internal.WebUIKeywordMain.runKeyword(WebUIKeywordMain.groovy:26)
	at com.kms.katalon.core.webui.keyword.builtin.ClickKeyword.click(ClickKeyword.groovy:75)
	at com.kms.katalon.core.webui.keyword.builtin.ClickKeyword.execute(ClickKeyword.groovy:42)
	at com.kms.katalon.core.keyword.internal.KeywordExecutor.executeKeywordForPlatform(KeywordExecutor.groovy:73)
	at com.kms.katalon.core.webui.keyword.WebUiBuiltInKeywords.click(WebUiBuiltInKeywords.groovy:619)
	at com.kms.katalon.core.webui.keyword.WebUiBuiltInKeywords$click$1.call(Unknown Source)
	at MyCourses(CS439).run(MyCourses(CS439):48)
	at com.kms.katalon.core.main.ScriptEngine.run(ScriptEngine.java:194)
	at com.kms.katalon.core.main.ScriptEngine.runScriptAsRawText(ScriptEngine.java:119)
	at com.kms.katalon.core.main.TestCaseExecutor.runScript(TestCaseExecutor.java:398)
	at com.kms.katalon.core.main.TestCaseExecutor.doExecute(TestCaseExecutor.java:389)
	at com.kms.katalon.core.main.TestCaseExecutor.processExecutionPhase(TestCaseExecutor.java:368)
	at com.kms.katalon.core.main.TestCaseExecutor.accessMainPhase(TestCaseExecutor.java:360)
	at com.kms.katalon.core.main.TestCaseExecutor.execute(TestCaseExecutor.java:255)
	at com.kms.katalon.core.main.TestSuiteExecutor.accessTestCaseMainPhase(TestSuiteExecutor.java:203)
	at com.kms.katalon.core.main.TestSuiteExecutor.accessTestSuiteMainPhase(TestSuiteExecutor.java:152)
	at com.kms.katalon.core.main.TestSuiteExecutor.execute(TestSuiteExecutor.java:95)
	at com.kms.katalon.core.main.TestCaseMain.startTestSuite(TestCaseMain.java:157)
	at com.kms.katalon.core.main.TestCaseMain$startTestSuite$0.call(Unknown Source)
	at TempTestSuite1620750396797.run(TempTestSuite1620750396797.groovy:39)
Caused by: org.openqa.selenium.ElementNotInteractableException: element not interactable
  (Session info: chrome=90.0.4430.93)
Build info: version: '3.141.59', revision: 'e82be7d358', time: '2018-11-14T08:25:53'
System info: host: 'DESKTOP-21F1E8S', ip: '192.168.100.73', os.name: 'Windows 10', os.arch: 'amd64', os.version: '10.0', java.version: '1.8.0_181'
Driver info: com.kms.katalon.selenium.driver.CChromeDriver
Capabilities {acceptInsecureCerts: false, browserName: chrome, browserVersion: 90.0.4430.93, chrome: {chromedriverVersion: 90.0.4430.24 (4c6d850f087da..., userDataDir: C:\Users\moham\AppData\Loca...}, goog:chromeOptions: {debuggerAddress: localhost:33072}, javascriptEnabled: true, networkConnectionEnabled: false, pageLoadStrategy: normal, platform: WINDOWS, platformName: WINDOWS, proxy: Proxy(), setWindowRect: true, strictFileInteractability: false, timeouts: {implicit: 0, pageLoad: 300000, script: 30000}, unhandledPromptBehavior: dismiss and notify, webauthn:extension:largeBlob: true, webauthn:virtualAuthenticators: true}
Session ID: ee9a2bbb0b7ff22db33ecf108d40c6f8
	at org.openqa.selenium.remote.http.W3CHttpResponseCodec.createException(W3CHttpResponseCodec.java:187)
	at org.openqa.selenium.remote.http.W3CHttpResponseCodec.decode(W3CHttpResponseCodec.java:122)
	at org.openqa.selenium.remote.http.W3CHttpResponseCodec.decode(W3CHttpResponseCodec.java:49)
	at org.openqa.selenium.remote.HttpCommandExecutor.execute(HttpCommandExecutor.java:158)
	at org.openqa.selenium.remote.service.DriverCommandExecutor.execute(DriverCommandExecutor.java:83)
	at org.openqa.selenium.remote.RemoteWebDriver.execute(RemoteWebDriver.java:552)
	at com.kms.katalon.selenium.driver.CChromeDriver.execute(CChromeDriver.java:19)
	at org.openqa.selenium.remote.RemoteWebElement.execute(RemoteWebElement.java:285)
	at org.openqa.selenium.remote.RemoteWebElement.click(RemoteWebElement.java:84)
	at org.openqa.selenium.support.events.EventFiringWebDriver$EventFiringWebElement.lambda$new$0(EventFiringWebDriver.java:404)
	at com.sun.proxy.$Proxy11.click(Unknown Source)
	at org.openqa.selenium.support.events.EventFiringWebDriver$EventFiringWebElement.click(EventFiringWebDriver.java:417)
	at com.kms.katalon.core.webui.keyword.builtin.ClickKeyword$_click_closure1.doCall(ClickKeyword.groovy:68)
	at com.kms.katalon.core.webui.keyword.builtin.ClickKeyword$_click_closure1.call(ClickKeyword.groovy)
	at com.kms.katalon.core.webui.keyword.internal.WebUIKeywordMain.runKeyword(WebUIKeywordMain.groovy:20)
	... 19 more]]></system-out>
      <system-err><![CDATA[2021-05-11 19:26:42 - [TEST_SUITE][FAILED] - Navigation: Test Cases/MyCourses(CS439) FAILED.
Reason:
com.kms.katalon.core.exception.StepFailedException: Unable to click on object 'Object Repository/MyCourses(CS439)/Page_Dashboard/a_CS439-202002'
	at com.kms.katalon.core.webui.keyword.internal.WebUIKeywordMain.stepFailed(WebUIKeywordMain.groovy:64)
	at com.kms.katalon.core.webui.keyword.internal.WebUIKeywordMain.runKeyword(WebUIKeywordMain.groovy:26)
	at com.kms.katalon.core.webui.keyword.builtin.ClickKeyword.click(ClickKeyword.groovy:75)
	at com.kms.katalon.core.webui.keyword.builtin.ClickKeyword.execute(ClickKeyword.groovy:42)
	at com.kms.katalon.core.keyword.internal.KeywordExecutor.executeKeywordForPlatform(KeywordExecutor.groovy:73)
	at com.kms.katalon.core.webui.keyword.WebUiBuiltInKeywords.click(WebUiBuiltInKeywords.groovy:619)
	at com.kms.katalon.core.webui.keyword.WebUiBuiltInKeywords$click$1.call(Unknown Source)
	at MyCourses(CS439).run(MyCourses(CS439):48)
	at com.kms.katalon.core.main.ScriptEngine.run(ScriptEngine.java:194)
	at com.kms.katalon.core.main.ScriptEngine.runScriptAsRawText(ScriptEngine.java:119)
	at com.kms.katalon.core.main.TestCaseExecutor.runScript(TestCaseExecutor.java:398)
	at com.kms.katalon.core.main.TestCaseExecutor.doExecute(TestCaseExecutor.java:389)
	at com.kms.katalon.core.main.TestCaseExecutor.processExecutionPhase(TestCaseExecutor.java:368)
	at com.kms.katalon.core.main.TestCaseExecutor.accessMainPhase(TestCaseExecutor.java:360)
	at com.kms.katalon.core.main.TestCaseExecutor.execute(TestCaseExecutor.java:255)
	at com.kms.katalon.core.main.TestSuiteExecutor.accessTestCaseMainPhase(TestSuiteExecutor.java:203)
	at com.kms.katalon.core.main.TestSuiteExecutor.accessTestSuiteMainPhase(TestSuiteExecutor.java:152)
	at com.kms.katalon.core.main.TestSuiteExecutor.execute(TestSuiteExecutor.java:95)
	at com.kms.katalon.core.main.TestCaseMain.startTestSuite(TestCaseMain.java:157)
	at com.kms.katalon.core.main.TestCaseMain$startTestSuite$0.call(Unknown Source)
	at TempTestSuite1620750396797.run(TempTestSuite1620750396797.groovy:39)
Caused by: org.openqa.selenium.ElementNotInteractableException: element not interactable
  (Session info: chrome=90.0.4430.93)
Build info: version: '3.141.59', revision: 'e82be7d358', time: '2018-11-14T08:25:53'
System info: host: 'DESKTOP-21F1E8S', ip: '192.168.100.73', os.name: 'Windows 10', os.arch: 'amd64', os.version: '10.0', java.version: '1.8.0_181'
Driver info: com.kms.katalon.selenium.driver.CChromeDriver
Capabilities {acceptInsecureCerts: false, browserName: chrome, browserVersion: 90.0.4430.93, chrome: {chromedriverVersion: 90.0.4430.24 (4c6d850f087da..., userDataDir: C:\Users\moham\AppData\Loca...}, goog:chromeOptions: {debuggerAddress: localhost:33072}, javascriptEnabled: true, networkConnectionEnabled: false, pageLoadStrategy: normal, platform: WINDOWS, platformName: WINDOWS, proxy: Proxy(), setWindowRect: true, strictFileInteractability: false, timeouts: {implicit: 0, pageLoad: 300000, script: 30000}, unhandledPromptBehavior: dismiss and notify, webauthn:extension:largeBlob: true, webauthn:virtualAuthenticators: true}
Session ID: ee9a2bbb0b7ff22db33ecf108d40c6f8
	at org.openqa.selenium.remote.http.W3CHttpResponseCodec.createException(W3CHttpResponseCodec.java:187)
	at org.openqa.selenium.remote.http.W3CHttpResponseCodec.decode(W3CHttpResponseCodec.java:122)
	at org.openqa.selenium.remote.http.W3CHttpResponseCodec.decode(W3CHttpResponseCodec.java:49)
	at org.openqa.selenium.remote.HttpCommandExecutor.execute(HttpCommandExecutor.java:158)
	at org.openqa.selenium.remote.service.DriverCommandExecutor.execute(DriverCommandExecutor.java:83)
	at org.openqa.selenium.remote.RemoteWebDriver.execute(RemoteWebDriver.java:552)
	at com.kms.katalon.selenium.driver.CChromeDriver.execute(CChromeDriver.java:19)
	at org.openqa.selenium.remote.RemoteWebElement.execute(RemoteWebElement.java:285)
	at org.openqa.selenium.remote.RemoteWebElement.click(RemoteWebElement.java:84)
	at org.openqa.selenium.support.events.EventFiringWebDriver$EventFiringWebElement.lambda$new$0(EventFiringWebDriver.java:404)
	at com.sun.proxy.$Proxy11.click(Unknown Source)
	at org.openqa.selenium.support.events.EventFiringWebDriver$EventFiringWebElement.click(EventFiringWebDriver.java:417)
	at com.kms.katalon.core.webui.keyword.builtin.ClickKeyword$_click_closure1.doCall(ClickKeyword.groovy:68)
	at com.kms.katalon.core.webui.keyword.builtin.ClickKeyword$_click_closure1.call(ClickKeyword.groovy)
	at com.kms.katalon.core.webui.keyword.internal.WebUIKeywordMain.runKeyword(WebUIKeywordMain.groovy:20)
	... 19 more]]></system-err>
   </testsuite>
</testsuites>
